{"/home/travis/build/npmtest/node-npmtest-ponte/test.js":{"path":"/home/travis/build/npmtest/node-npmtest-ponte/test.js","s":{"1":2,"2":2,"3":2,"4":2,"5":2,"6":2,"7":2,"8":1,"9":2,"10":2,"11":1,"12":1,"13":1,"14":1,"15":2,"16":2,"17":2,"18":2,"19":1,"20":1,"21":2,"22":2,"23":2,"24":1,"25":1,"26":1,"27":1,"28":1,"29":1,"30":1,"31":1,"32":1,"33":1,"34":1,"35":1,"36":1,"37":1,"38":1,"39":2,"40":2,"41":1,"42":2,"43":2,"44":1,"45":2,"46":2,"47":1,"48":2,"49":2,"50":1,"51":1,"52":1,"53":1,"54":1},"b":{"1":[2,1,1,1],"2":[1,1,1,1],"3":[1,1],"4":[1,1],"5":[1,1],"6":[1,1],"7":[1,1],"8":[1,1],"9":[1,1],"10":[1,1,1],"11":[1,1],"12":[1,1],"13":[1,1],"14":[1,1],"15":[1,1],"16":[1,1],"17":[1,1]},"f":{"1":2,"2":2,"3":2,"4":2,"5":2,"6":1,"7":1,"8":1,"9":2,"10":2,"11":2,"12":2,"13":1},"fnMap":{"1":{"name":"(anonymous_1)","line":12,"loc":{"start":{"line":12,"column":1},"end":{"line":12,"column":13}}},"2":{"name":"(anonymous_2)","line":19,"loc":{"start":{"line":19,"column":5},"end":{"line":19,"column":17}}},"3":{"name":"(anonymous_3)","line":23,"loc":{"start":{"line":23,"column":24},"end":{"line":23,"column":36}}},"4":{"name":"(anonymous_4)","line":61,"loc":{"start":{"line":61,"column":5},"end":{"line":61,"column":17}}},"5":{"name":"(anonymous_5)","line":82,"loc":{"start":{"line":82,"column":5},"end":{"line":82,"column":17}}},"6":{"name":"(anonymous_6)","line":91,"loc":{"start":{"line":91,"column":77},"end":{"line":94,"column":10}}},"7":{"name":"(anonymous_7)","line":112,"loc":{"start":{"line":112,"column":83},"end":{"line":115,"column":10}},"skip":true},"8":{"name":"(anonymous_8)","line":123,"loc":{"start":{"line":123,"column":77},"end":{"line":126,"column":10}},"skip":true},"9":{"name":"(anonymous_9)","line":139,"loc":{"start":{"line":139,"column":12},"end":{"line":139,"column":40}},"skip":true},"10":{"name":"(anonymous_10)","line":147,"loc":{"start":{"line":147,"column":77},"end":{"line":150,"column":10}},"skip":true},"11":{"name":"(anonymous_11)","line":158,"loc":{"start":{"line":158,"column":83},"end":{"line":161,"column":10}},"skip":true},"12":{"name":"(anonymous_12)","line":169,"loc":{"start":{"line":169,"column":79},"end":{"line":172,"column":10}},"skip":true},"13":{"name":"(anonymous_13)","line":180,"loc":{"start":{"line":180,"column":75},"end":{"line":183,"column":10}},"skip":true}},"statementMap":{"1":{"start":{"line":12,"column":0},"end":{"line":195,"column":5}},"2":{"start":{"line":14,"column":4},"end":{"line":14,"column":14}},"3":{"start":{"line":19,"column":4},"end":{"line":56,"column":9}},"4":{"start":{"line":21,"column":8},"end":{"line":21,"column":19}},"5":{"start":{"line":23,"column":8},"end":{"line":35,"column":13}},"6":{"start":{"line":24,"column":12},"end":{"line":34,"column":13}},"7":{"start":{"line":25,"column":16},"end":{"line":28,"column":30}},"8":{"start":{"line":30,"column":16},"end":{"line":33,"column":27}},"9":{"start":{"line":37,"column":8},"end":{"line":39,"column":21}},"10":{"start":{"line":40,"column":8},"end":{"line":53,"column":9}},"11":{"start":{"line":43,"column":12},"end":{"line":46,"column":14}},"12":{"start":{"line":47,"column":12},"end":{"line":47,"column":18}},"13":{"start":{"line":50,"column":12},"end":{"line":51,"column":46}},"14":{"start":{"line":52,"column":12},"end":{"line":52,"column":18}},"15":{"start":{"line":55,"column":8},"end":{"line":55,"column":35}},"16":{"start":{"line":61,"column":4},"end":{"line":63,"column":9}},"17":{"start":{"line":62,"column":8},"end":{"line":62,"column":15}},"18":{"start":{"line":64,"column":4},"end":{"line":77,"column":5}},"19":{"start":{"line":70,"column":8},"end":{"line":70,"column":14}},"20":{"start":{"line":76,"column":8},"end":{"line":76,"column":14}},"21":{"start":{"line":82,"column":4},"end":{"line":84,"column":9}},"22":{"start":{"line":83,"column":8},"end":{"line":83,"column":15}},"23":{"start":{"line":85,"column":4},"end":{"line":194,"column":5}},"24":{"start":{"line":91,"column":8},"end":{"line":99,"column":10}},"25":{"start":{"line":98,"column":12},"end":{"line":98,"column":35}},"26":{"start":{"line":102,"column":8},"end":{"line":104,"column":63}},"27":{"start":{"line":105,"column":8},"end":{"line":105,"column":14}},"28":{"start":{"line":112,"column":8},"end":{"line":121,"column":10},"skip":true},"29":{"start":{"line":119,"column":12},"end":{"line":119,"column":55},"skip":true},"30":{"start":{"line":120,"column":12},"end":{"line":120,"column":48},"skip":true},"31":{"start":{"line":123,"column":8},"end":{"line":136,"column":10},"skip":true},"32":{"start":{"line":130,"column":12},"end":{"line":130,"column":76},"skip":true},"33":{"start":{"line":131,"column":12},"end":{"line":131,"column":73},"skip":true},"34":{"start":{"line":132,"column":12},"end":{"line":132,"column":74},"skip":true},"35":{"start":{"line":133,"column":12},"end":{"line":133,"column":79},"skip":true},"36":{"start":{"line":134,"column":12},"end":{"line":134,"column":25},"skip":true},"37":{"start":{"line":135,"column":12},"end":{"line":135,"column":45},"skip":true},"38":{"start":{"line":138,"column":8},"end":{"line":145,"column":14},"skip":true},"39":{"start":{"line":143,"column":16},"end":{"line":143,"column":29},"skip":true},"40":{"start":{"line":144,"column":16},"end":{"line":144,"column":55},"skip":true},"41":{"start":{"line":147,"column":8},"end":{"line":156,"column":10},"skip":true},"42":{"start":{"line":154,"column":12},"end":{"line":154,"column":25},"skip":true},"43":{"start":{"line":155,"column":12},"end":{"line":155,"column":45},"skip":true},"44":{"start":{"line":158,"column":8},"end":{"line":167,"column":10},"skip":true},"45":{"start":{"line":165,"column":12},"end":{"line":165,"column":25},"skip":true},"46":{"start":{"line":166,"column":12},"end":{"line":166,"column":48},"skip":true},"47":{"start":{"line":169,"column":8},"end":{"line":178,"column":10},"skip":true},"48":{"start":{"line":176,"column":12},"end":{"line":176,"column":25},"skip":true},"49":{"start":{"line":177,"column":12},"end":{"line":177,"column":46},"skip":true},"50":{"start":{"line":180,"column":8},"end":{"line":189,"column":10},"skip":true},"51":{"start":{"line":187,"column":12},"end":{"line":187,"column":94},"skip":true},"52":{"start":{"line":188,"column":12},"end":{"line":188,"column":48},"skip":true},"53":{"start":{"line":192,"column":8},"end":{"line":192,"column":35},"skip":true},"54":{"start":{"line":193,"column":8},"end":{"line":193,"column":14},"skip":true}},"branchMap":{"1":{"line":25,"type":"binary-expr","locations":[{"start":{"line":25,"column":23},"end":{"line":25,"column":62}},{"start":{"line":26,"column":20},"end":{"line":26,"column":70}},{"start":{"line":27,"column":20},"end":{"line":27,"column":71}},{"start":{"line":28,"column":20},"end":{"line":28,"column":29}}]},"2":{"line":30,"type":"binary-expr","locations":[{"start":{"line":30,"column":23},"end":{"line":30,"column":37}},{"start":{"line":31,"column":20},"end":{"line":31,"column":61}},{"start":{"line":32,"column":20},"end":{"line":32,"column":70}},{"start":{"line":33,"column":20},"end":{"line":33,"column":26}}]},"3":{"line":37,"type":"cond-expr","locations":[{"start":{"line":38,"column":14},"end":{"line":38,"column":20}},{"start":{"line":39,"column":14},"end":{"line":39,"column":20}}]},"4":{"line":40,"type":"switch","locations":[{"start":{"line":42,"column":8},"end":{"line":47,"column":18}},{"start":{"line":49,"column":8},"end":{"line":52,"column":18}}]},"5":{"line":44,"type":"binary-expr","locations":[{"start":{"line":44,"column":16},"end":{"line":44,"column":44}},{"start":{"line":44,"column":48},"end":{"line":44,"column":66}}]},"6":{"line":50,"type":"binary-expr","locations":[{"start":{"line":50,"column":21},"end":{"line":50,"column":49}},{"start":{"line":50,"column":53},"end":{"line":50,"column":72}}]},"7":{"line":64,"type":"switch","locations":[{"start":{"line":69,"column":4},"end":{"line":70,"column":14}},{"start":{"line":75,"column":4},"end":{"line":76,"column":14}}]},"8":{"line":85,"type":"switch","locations":[{"start":{"line":90,"column":4},"end":{"line":105,"column":14}},{"start":{"line":111,"column":4},"end":{"line":193,"column":14},"skip":true}]},"9":{"line":91,"type":"binary-expr","locations":[{"start":{"line":91,"column":42},"end":{"line":91,"column":73}},{"start":{"line":91,"column":77},"end":{"line":99,"column":9}}]},"10":{"line":102,"type":"binary-expr","locations":[{"start":{"line":102,"column":18},"end":{"line":102,"column":32}},{"start":{"line":103,"column":12},"end":{"line":103,"column":53}},{"start":{"line":104,"column":12},"end":{"line":104,"column":61}}]},"11":{"line":112,"type":"binary-expr","locations":[{"start":{"line":112,"column":45},"end":{"line":112,"column":79},"skip":true},{"start":{"line":112,"column":83},"end":{"line":121,"column":9},"skip":true}]},"12":{"line":123,"type":"binary-expr","locations":[{"start":{"line":123,"column":42},"end":{"line":123,"column":73},"skip":true},{"start":{"line":123,"column":77},"end":{"line":136,"column":9},"skip":true}]},"13":{"line":138,"type":"binary-expr","locations":[{"start":{"line":138,"column":48},"end":{"line":138,"column":85},"skip":true},{"start":{"line":139,"column":12},"end":{"line":145,"column":13},"skip":true}]},"14":{"line":147,"type":"binary-expr","locations":[{"start":{"line":147,"column":42},"end":{"line":147,"column":73},"skip":true},{"start":{"line":147,"column":77},"end":{"line":156,"column":9},"skip":true}]},"15":{"line":158,"type":"binary-expr","locations":[{"start":{"line":158,"column":45},"end":{"line":158,"column":79},"skip":true},{"start":{"line":158,"column":83},"end":{"line":167,"column":9},"skip":true}]},"16":{"line":169,"type":"binary-expr","locations":[{"start":{"line":169,"column":43},"end":{"line":169,"column":75},"skip":true},{"start":{"line":169,"column":79},"end":{"line":178,"column":9},"skip":true}]},"17":{"line":180,"type":"binary-expr","locations":[{"start":{"line":180,"column":41},"end":{"line":180,"column":71},"skip":true},{"start":{"line":180,"column":75},"end":{"line":189,"column":9},"skip":true}]}},"code":["/* istanbul instrument in package npmtest_ponte */","/*jslint","    bitwise: true,","    browser: true,","    maxerr: 8,","    maxlen: 96,","    node: true,","    nomen: true,","    regexp: true,","    stupid: true","*/","(function () {","    'use strict';","    var local;","","","","    // run shared js-env code - pre-init","    (function () {","        // init local","        local = {};","        // init modeJs","        local.modeJs = (function () {","            try {","                return typeof navigator.userAgent === 'string' &&","                    typeof document.querySelector('body') === 'object' &&","                    typeof XMLHttpRequest.prototype.open === 'function' &&","                    'browser';","            } catch (errorCaughtBrowser) {","                return module.exports &&","                    typeof process.versions.node === 'string' &&","                    typeof require('http').createServer === 'function' &&","                    'node';","            }","        }());","        // init global","        local.global = local.modeJs === 'browser'","            ? window","            : global;","        switch (local.modeJs) {","        // re-init local from window.local","        case 'browser':","            local = local.global.utility2.objectSetDefault(","                local.global.utility2_rollup || local.global.local,","                local.global.utility2","            );","            break;","        // re-init local from example.js","        case 'node':","            local = (local.global.utility2_rollup || require('utility2'))","                .requireExampleJsFromReadme();","            break;","        }","        // export local","        local.global.local = local;","    }());","","","","    // run shared js-env code - function","    (function () {","        return;","    }());","    switch (local.modeJs) {","","","","    // run browser js-env code - function","    case 'browser':","        break;","","","","    // run node js-env code - function","    case 'node':","        break;","    }","","","","    // run shared js-env code - post-init","    (function () {","        return;","    }());","    switch (local.modeJs) {","","","","    // run browser js-env code - post-init","    case 'browser':","        local.testCase_browser_nullCase = local.testCase_browser_nullCase || function (","            options,","            onError","        ) {","        /*","         * this function will test browsers's null-case handling-behavior-behavior","         */","            onError(null, options);","        };","","        // run tests","        local.nop(local.modeTest &&","            document.querySelector('#testRunButton1') &&","            document.querySelector('#testRunButton1').click());","        break;","","","","    // run node js-env code - post-init","    /* istanbul ignore next */","    case 'node':","        local.testCase_buildApidoc_default = local.testCase_buildApidoc_default || function (","            options,","            onError","        ) {","        /*","         * this function will test buildApidoc's default handling-behavior-behavior","         */","            options = { modulePathList: module.paths };","            local.buildApidoc(options, onError);","        };","","        local.testCase_buildApp_default = local.testCase_buildApp_default || function (","            options,","            onError","        ) {","        /*","         * this function will test buildApp's default handling-behavior-behavior","         */","            local.testCase_buildReadme_default(options, local.onErrorThrow);","            local.testCase_buildLib_default(options, local.onErrorThrow);","            local.testCase_buildTest_default(options, local.onErrorThrow);","            local.testCase_buildCustomOrg_default(options, local.onErrorThrow);","            options = [];","            local.buildApp(options, onError);","        };","","        local.testCase_buildCustomOrg_default = local.testCase_buildCustomOrg_default ||","            function (options, onError) {","            /*","             * this function will test buildCustomOrg's default handling-behavior","             */","                options = {};","                local.buildCustomOrg(options, onError);","            };","","        local.testCase_buildLib_default = local.testCase_buildLib_default || function (","            options,","            onError","        ) {","        /*","         * this function will test buildLib's default handling-behavior","         */","            options = {};","            local.buildLib(options, onError);","        };","","        local.testCase_buildReadme_default = local.testCase_buildReadme_default || function (","            options,","            onError","        ) {","        /*","         * this function will test buildReadme's default handling-behavior-behavior","         */","            options = {};","            local.buildReadme(options, onError);","        };","","        local.testCase_buildTest_default = local.testCase_buildTest_default || function (","            options,","            onError","        ) {","        /*","         * this function will test buildTest's default handling-behavior","         */","            options = {};","            local.buildTest(options, onError);","        };","","        local.testCase_webpage_default = local.testCase_webpage_default || function (","            options,","            onError","        ) {","        /*","         * this function will test webpage's default handling-behavior","         */","            options = { modeCoverageMerge: true, url: local.serverLocalHost + '?modeTest=1' };","            local.browserTest(options, onError);","        };","","        // run test-server","        local.testRunServer(local);","        break;","    }","}());",""],"l":{"12":2,"14":2,"19":2,"21":2,"23":2,"24":2,"25":2,"30":1,"37":2,"40":2,"43":1,"47":1,"50":1,"52":1,"55":2,"61":2,"62":2,"64":2,"70":1,"76":1,"82":2,"83":2,"85":2,"91":1,"98":1,"102":1,"105":1,"112":1,"119":1,"120":1,"123":1,"130":1,"131":1,"132":1,"133":1,"134":1,"135":1,"138":1,"143":2,"144":2,"147":1,"154":2,"155":2,"158":1,"165":2,"166":2,"169":1,"176":2,"177":2,"180":1,"187":1,"188":1,"192":1,"193":1}},"/home/travis/build/npmtest/node-npmtest-ponte/lib.npmtest_ponte.js":{"path":"/home/travis/build/npmtest/node-npmtest-ponte/lib.npmtest_ponte.js","s":{"1":2,"2":2,"3":2,"4":2,"5":2,"6":2,"7":2,"8":1,"9":2,"10":2,"11":2,"12":2,"13":1,"14":1,"15":1,"16":1},"b":{"1":[2,1,1,1],"2":[1,1,1,1],"3":[1,1],"4":[2,2],"5":[1,1]},"f":{"1":2,"2":2,"3":2},"fnMap":{"1":{"name":"(anonymous_1)","line":12,"loc":{"start":{"line":12,"column":1},"end":{"line":12,"column":13}}},"2":{"name":"(anonymous_2)","line":19,"loc":{"start":{"line":19,"column":5},"end":{"line":19,"column":17}}},"3":{"name":"(anonymous_3)","line":23,"loc":{"start":{"line":23,"column":24},"end":{"line":23,"column":36}}}},"statementMap":{"1":{"start":{"line":12,"column":0},"end":{"line":53,"column":5}},"2":{"start":{"line":14,"column":4},"end":{"line":14,"column":14}},"3":{"start":{"line":19,"column":4},"end":{"line":52,"column":9}},"4":{"start":{"line":21,"column":8},"end":{"line":21,"column":19}},"5":{"start":{"line":23,"column":8},"end":{"line":35,"column":13}},"6":{"start":{"line":24,"column":12},"end":{"line":34,"column":13}},"7":{"start":{"line":25,"column":16},"end":{"line":28,"column":30}},"8":{"start":{"line":30,"column":16},"end":{"line":33,"column":27}},"9":{"start":{"line":37,"column":8},"end":{"line":39,"column":21}},"10":{"start":{"line":41,"column":8},"end":{"line":41,"column":54}},"11":{"start":{"line":43,"column":8},"end":{"line":43,"column":50}},"12":{"start":{"line":45,"column":8},"end":{"line":51,"column":9}},"13":{"start":{"line":46,"column":12},"end":{"line":46,"column":56}},"14":{"start":{"line":48,"column":12},"end":{"line":48,"column":35}},"15":{"start":{"line":49,"column":12},"end":{"line":49,"column":49}},"16":{"start":{"line":50,"column":12},"end":{"line":50,"column":43}}},"branchMap":{"1":{"line":25,"type":"binary-expr","locations":[{"start":{"line":25,"column":23},"end":{"line":25,"column":62}},{"start":{"line":26,"column":20},"end":{"line":26,"column":70}},{"start":{"line":27,"column":20},"end":{"line":27,"column":71}},{"start":{"line":28,"column":20},"end":{"line":28,"column":29}}]},"2":{"line":30,"type":"binary-expr","locations":[{"start":{"line":30,"column":23},"end":{"line":30,"column":37}},{"start":{"line":31,"column":20},"end":{"line":31,"column":61}},{"start":{"line":32,"column":20},"end":{"line":32,"column":70}},{"start":{"line":33,"column":20},"end":{"line":33,"column":26}}]},"3":{"line":37,"type":"cond-expr","locations":[{"start":{"line":38,"column":14},"end":{"line":38,"column":20}},{"start":{"line":39,"column":14},"end":{"line":39,"column":20}}]},"4":{"line":41,"type":"binary-expr","locations":[{"start":{"line":41,"column":16},"end":{"line":41,"column":44}},{"start":{"line":41,"column":48},"end":{"line":41,"column":53}}]},"5":{"line":45,"type":"if","locations":[{"start":{"line":45,"column":8},"end":{"line":45,"column":8}},{"start":{"line":45,"column":8},"end":{"line":45,"column":8}}]}},"code":["/* istanbul instrument in package npmtest_ponte */","/*jslint","    bitwise: true,","    browser: true,","    maxerr: 8,","    maxlen: 96,","    node: true,","    nomen: true,","    regexp: true,","    stupid: true","*/","(function () {","    'use strict';","    var local;","","","","    // run shared js-env code - pre-init","    (function () {","        // init local","        local = {};","        // init modeJs","        local.modeJs = (function () {","            try {","                return typeof navigator.userAgent === 'string' &&","                    typeof document.querySelector('body') === 'object' &&","                    typeof XMLHttpRequest.prototype.open === 'function' &&","                    'browser';","            } catch (errorCaughtBrowser) {","                return module.exports &&","                    typeof process.versions.node === 'string' &&","                    typeof require('http').createServer === 'function' &&","                    'node';","            }","        }());","        // init global","        local.global = local.modeJs === 'browser'","            ? window","            : global;","        // init utility2_rollup","        local = local.global.utility2_rollup || local;","        // init lib","        local.local = local.npmtest_ponte = local;","        // init exports","        if (local.modeJs === 'browser') {","            local.global.utility2_npmtest_ponte = local;","        } else {","            module.exports = local;","            module.exports.__dirname = __dirname;","            module.exports.module = module;","        }","    }());","}());",""],"l":{"12":2,"14":2,"19":2,"21":2,"23":2,"24":2,"25":2,"30":1,"37":2,"41":2,"43":2,"45":2,"46":1,"48":1,"49":1,"50":1}},"/home/travis/build/npmtest/node-npmtest-ponte/example.js":{"path":"/home/travis/build/npmtest/node-npmtest-ponte/example.js","s":{"1":2,"2":2,"3":2,"4":2,"5":2,"6":2,"7":2,"8":1,"9":2,"10":2,"11":2,"12":2,"13":1,"14":2,"15":2,"16":2,"17":2,"18":2,"19":0,"20":2,"21":1,"22":1,"23":1,"24":1,"25":1,"26":0,"27":0,"28":1,"29":1,"30":2,"31":0,"32":0,"33":0,"34":1,"35":2,"36":2,"37":3,"38":3,"39":3,"40":3,"41":0,"42":3,"43":3,"44":3,"45":1,"46":3,"47":1,"48":1,"49":1,"50":1,"51":1,"52":1,"53":1,"54":1,"55":1,"56":1,"57":0,"58":1,"59":6,"60":6,"61":1,"62":2,"63":0,"64":2,"65":1,"66":1,"67":0,"68":0,"69":0,"70":0,"71":0,"72":0,"73":0,"74":0,"75":0,"76":0,"77":0,"78":0,"79":0,"80":0,"81":0,"82":0,"83":0},"b":{"1":[2,1,1,1],"2":[1,1,1,1],"3":[1,1],"4":[2,2],"5":[1,1],"6":[1,1],"7":[2,0],"8":[2,1,1,1,1,1],"9":[0,2,0],"10":[1,1],"11":[2,1,1],"12":[1,0],"13":[0,2],"14":[2,0,0,0,0,0,0],"15":[0,3],"16":[3,0],"17":[1,1],"18":[0,1],"19":[1,2,0,2],"20":[1,0],"21":[1,1],"22":[0,0],"23":[0,0],"24":[0,0],"25":[0,0],"26":[0,0],"27":[0,0],"28":[0,0]},"f":{"1":2,"2":2,"3":2,"4":2,"5":2,"6":2,"7":3,"8":3,"9":3,"10":1,"11":6,"12":0},"fnMap":{"1":{"name":"(anonymous_1)","line":26,"loc":{"start":{"line":26,"column":1},"end":{"line":26,"column":13}}},"2":{"name":"(anonymous_2)","line":33,"loc":{"start":{"line":33,"column":5},"end":{"line":33,"column":17}}},"3":{"name":"(anonymous_3)","line":37,"loc":{"start":{"line":37,"column":24},"end":{"line":37,"column":36}}},"4":{"name":"(anonymous_4)","line":69,"loc":{"start":{"line":69,"column":31},"end":{"line":69,"column":48}},"skip":true},"5":{"name":"(anonymous_5)","line":78,"loc":{"start":{"line":78,"column":26},"end":{"line":78,"column":45}},"skip":true},"6":{"name":"(anonymous_6)","line":123,"loc":{"start":{"line":123,"column":33},"end":{"line":123,"column":48}},"skip":true},"7":{"name":"(anonymous_7)","line":125,"loc":{"start":{"line":125,"column":27},"end":{"line":125,"column":39}},"skip":true},"8":{"name":"(anonymous_8)","line":133,"loc":{"start":{"line":133,"column":59},"end":{"line":133,"column":74}},"skip":true},"9":{"name":"(anonymous_9)","line":143,"loc":{"start":{"line":143,"column":45},"end":{"line":143,"column":62}},"skip":true},"10":{"name":"(anonymous_10)","line":144,"loc":{"start":{"line":144,"column":73},"end":{"line":144,"column":92}},"skip":true},"11":{"name":"(anonymous_11)","line":272,"loc":{"start":{"line":272,"column":51},"end":{"line":272,"column":77}},"skip":true},"12":{"name":"(anonymous_12)","line":315,"loc":{"start":{"line":315,"column":32},"end":{"line":315,"column":61}},"skip":true}},"statementMap":{"1":{"start":{"line":26,"column":0},"end":{"line":326,"column":5}},"2":{"start":{"line":28,"column":4},"end":{"line":28,"column":14}},"3":{"start":{"line":33,"column":4},"end":{"line":60,"column":9}},"4":{"start":{"line":35,"column":8},"end":{"line":35,"column":19}},"5":{"start":{"line":37,"column":8},"end":{"line":49,"column":13}},"6":{"start":{"line":38,"column":12},"end":{"line":48,"column":13}},"7":{"start":{"line":39,"column":16},"end":{"line":42,"column":30}},"8":{"start":{"line":44,"column":16},"end":{"line":47,"column":27}},"9":{"start":{"line":51,"column":8},"end":{"line":53,"column":21}},"10":{"start":{"line":55,"column":8},"end":{"line":57,"column":45}},"11":{"start":{"line":59,"column":8},"end":{"line":59,"column":35}},"12":{"start":{"line":61,"column":4},"end":{"line":325,"column":5}},"13":{"start":{"line":69,"column":8},"end":{"line":121,"column":10},"skip":true},"14":{"start":{"line":70,"column":12},"end":{"line":88,"column":13},"skip":true},"15":{"start":{"line":76,"column":16},"end":{"line":87,"column":19},"skip":true},"16":{"start":{"line":79,"column":20},"end":{"line":86,"column":21},"skip":true},"17":{"start":{"line":82,"column":24},"end":{"line":82,"column":43},"skip":true},"18":{"start":{"line":83,"column":24},"end":{"line":83,"column":30},"skip":true},"19":{"start":{"line":85,"column":24},"end":{"line":85,"column":49},"skip":true},"20":{"start":{"line":89,"column":12},"end":{"line":107,"column":13},"skip":true},"21":{"start":{"line":92,"column":16},"end":{"line":102,"column":17},"skip":true},"22":{"start":{"line":93,"column":20},"end":{"line":93,"column":86},"skip":true},"23":{"start":{"line":94,"column":20},"end":{"line":95,"column":45},"skip":true},"24":{"start":{"line":96,"column":20},"end":{"line":96,"column":42},"skip":true},"25":{"start":{"line":97,"column":20},"end":{"line":97,"column":48},"skip":true},"26":{"start":{"line":100,"column":20},"end":{"line":100,"column":85},"skip":true},"27":{"start":{"line":101,"column":20},"end":{"line":101,"column":96},"skip":true},"28":{"start":{"line":103,"column":16},"end":{"line":103,"column":22},"skip":true},"29":{"start":{"line":106,"column":16},"end":{"line":106,"column":22},"skip":true},"30":{"start":{"line":108,"column":12},"end":{"line":120,"column":13},"skip":true},"31":{"start":{"line":114,"column":16},"end":{"line":119,"column":17},"skip":true},"32":{"start":{"line":116,"column":20},"end":{"line":116,"column":78},"skip":true},"33":{"start":{"line":118,"column":20},"end":{"line":118,"column":47},"skip":true},"34":{"start":{"line":123,"column":8},"end":{"line":141,"column":11},"skip":true},"35":{"start":{"line":124,"column":12},"end":{"line":124,"column":54},"skip":true},"36":{"start":{"line":125,"column":12},"end":{"line":140,"column":14},"skip":true},"37":{"start":{"line":126,"column":16},"end":{"line":126,"column":28},"skip":true},"38":{"start":{"line":127,"column":16},"end":{"line":127,"column":69},"skip":true},"39":{"start":{"line":128,"column":16},"end":{"line":128,"column":75},"skip":true},"40":{"start":{"line":129,"column":16},"end":{"line":131,"column":17},"skip":true},"41":{"start":{"line":130,"column":20},"end":{"line":130,"column":27},"skip":true},"42":{"start":{"line":133,"column":16},"end":{"line":137,"column":36},"skip":true},"43":{"start":{"line":134,"column":20},"end":{"line":136,"column":55},"skip":true},"44":{"start":{"line":139,"column":16},"end":{"line":139,"column":57},"skip":true},"45":{"start":{"line":143,"column":8},"end":{"line":147,"column":11},"skip":true},"46":{"start":{"line":144,"column":12},"end":{"line":146,"column":15},"skip":true},"47":{"start":{"line":145,"column":16},"end":{"line":145,"column":70},"skip":true},"48":{"start":{"line":149,"column":8},"end":{"line":149,"column":31},"skip":true},"49":{"start":{"line":150,"column":8},"end":{"line":150,"column":14},"skip":true},"50":{"start":{"line":158,"column":8},"end":{"line":158,"column":31},"skip":true},"51":{"start":{"line":160,"column":8},"end":{"line":160,"column":33},"skip":true},"52":{"start":{"line":161,"column":8},"end":{"line":161,"column":37},"skip":true},"53":{"start":{"line":162,"column":8},"end":{"line":162,"column":35},"skip":true},"54":{"start":{"line":164,"column":8},"end":{"line":164,"column":50},"skip":true},"55":{"start":{"line":166,"column":8},"end":{"line":256,"column":2},"skip":true},"56":{"start":{"line":258,"column":8},"end":{"line":286,"column":9},"skip":true},"57":{"start":{"line":259,"column":12},"end":{"line":269,"column":14},"skip":true},"58":{"start":{"line":271,"column":12},"end":{"line":285,"column":19},"skip":true},"59":{"start":{"line":274,"column":20},"end":{"line":274,"column":35},"skip":true},"60":{"start":{"line":275,"column":20},"end":{"line":284,"column":21},"skip":true},"61":{"start":{"line":277,"column":24},"end":{"line":277,"column":64},"skip":true},"62":{"start":{"line":279,"column":24},"end":{"line":279,"column":40},"skip":true},"63":{"start":{"line":281,"column":24},"end":{"line":281,"column":40},"skip":true},"64":{"start":{"line":283,"column":24},"end":{"line":283,"column":39},"skip":true},"65":{"start":{"line":288,"column":8},"end":{"line":290,"column":9},"skip":true},"66":{"start":{"line":289,"column":12},"end":{"line":289,"column":18},"skip":true},"67":{"start":{"line":291,"column":8},"end":{"line":293,"column":54},"skip":true},"68":{"start":{"line":296,"column":8},"end":{"line":301,"column":37},"skip":true},"69":{"start":{"line":303,"column":8},"end":{"line":303,"column":82},"skip":true},"70":{"start":{"line":306,"column":8},"end":{"line":308,"column":9},"skip":true},"71":{"start":{"line":307,"column":12},"end":{"line":307,"column":82},"skip":true},"72":{"start":{"line":310,"column":8},"end":{"line":312,"column":9},"skip":true},"73":{"start":{"line":311,"column":12},"end":{"line":311,"column":18},"skip":true},"74":{"start":{"line":313,"column":8},"end":{"line":313,"column":54},"skip":true},"75":{"start":{"line":314,"column":8},"end":{"line":314,"column":69},"skip":true},"76":{"start":{"line":315,"column":8},"end":{"line":323,"column":36},"skip":true},"77":{"start":{"line":316,"column":12},"end":{"line":316,"column":61},"skip":true},"78":{"start":{"line":317,"column":12},"end":{"line":320,"column":13},"skip":true},"79":{"start":{"line":318,"column":16},"end":{"line":318,"column":75},"skip":true},"80":{"start":{"line":319,"column":16},"end":{"line":319,"column":23},"skip":true},"81":{"start":{"line":321,"column":12},"end":{"line":321,"column":38},"skip":true},"82":{"start":{"line":322,"column":12},"end":{"line":322,"column":27},"skip":true},"83":{"start":{"line":324,"column":8},"end":{"line":324,"column":14},"skip":true}},"branchMap":{"1":{"line":39,"type":"binary-expr","locations":[{"start":{"line":39,"column":23},"end":{"line":39,"column":62}},{"start":{"line":40,"column":20},"end":{"line":40,"column":70}},{"start":{"line":41,"column":20},"end":{"line":41,"column":71}},{"start":{"line":42,"column":20},"end":{"line":42,"column":29}}]},"2":{"line":44,"type":"binary-expr","locations":[{"start":{"line":44,"column":23},"end":{"line":44,"column":37}},{"start":{"line":45,"column":20},"end":{"line":45,"column":61}},{"start":{"line":46,"column":20},"end":{"line":46,"column":70}},{"start":{"line":47,"column":20},"end":{"line":47,"column":26}}]},"3":{"line":51,"type":"cond-expr","locations":[{"start":{"line":52,"column":14},"end":{"line":52,"column":20}},{"start":{"line":53,"column":14},"end":{"line":53,"column":20}}]},"4":{"line":55,"type":"binary-expr","locations":[{"start":{"line":55,"column":16},"end":{"line":55,"column":44}},{"start":{"line":55,"column":49},"end":{"line":57,"column":43}}]},"5":{"line":55,"type":"cond-expr","locations":[{"start":{"line":56,"column":14},"end":{"line":56,"column":49}},{"start":{"line":57,"column":14},"end":{"line":57,"column":43}}]},"6":{"line":61,"type":"switch","locations":[{"start":{"line":68,"column":4},"end":{"line":150,"column":14},"skip":true},{"start":{"line":156,"column":4},"end":{"line":324,"column":14},"skip":true}]},"7":{"line":70,"type":"if","locations":[{"start":{"line":70,"column":12},"end":{"line":70,"column":12},"skip":true},{"start":{"line":70,"column":12},"end":{"line":70,"column":12},"skip":true}]},"8":{"line":70,"type":"binary-expr","locations":[{"start":{"line":70,"column":16},"end":{"line":70,"column":22},"skip":true},{"start":{"line":70,"column":27},"end":{"line":70,"column":32},"skip":true},{"start":{"line":71,"column":20},"end":{"line":71,"column":39},"skip":true},{"start":{"line":72,"column":20},"end":{"line":72,"column":49},"skip":true},{"start":{"line":73,"column":20},"end":{"line":73,"column":58},"skip":true},{"start":{"line":74,"column":20},"end":{"line":74,"column":69},"skip":true}]},"9":{"line":79,"type":"switch","locations":[{"start":{"line":80,"column":20},"end":{"line":80,"column":33},"skip":true},{"start":{"line":81,"column":20},"end":{"line":83,"column":30},"skip":true},{"start":{"line":84,"column":20},"end":{"line":85,"column":49},"skip":true}]},"10":{"line":89,"type":"switch","locations":[{"start":{"line":90,"column":12},"end":{"line":103,"column":22},"skip":true},{"start":{"line":105,"column":12},"end":{"line":106,"column":22},"skip":true}]},"11":{"line":89,"type":"binary-expr","locations":[{"start":{"line":89,"column":20},"end":{"line":89,"column":25},"skip":true},{"start":{"line":89,"column":29},"end":{"line":89,"column":48},"skip":true},{"start":{"line":89,"column":52},"end":{"line":89,"column":74},"skip":true}]},"12":{"line":92,"type":"if","locations":[{"start":{"line":92,"column":16},"end":{"line":92,"column":16},"skip":true},{"start":{"line":92,"column":16},"end":{"line":92,"column":16},"skip":true}]},"13":{"line":108,"type":"if","locations":[{"start":{"line":108,"column":12},"end":{"line":108,"column":12},"skip":true},{"start":{"line":108,"column":12},"end":{"line":108,"column":12},"skip":true}]},"14":{"line":108,"type":"binary-expr","locations":[{"start":{"line":108,"column":16},"end":{"line":108,"column":61},"skip":true},{"start":{"line":108,"column":66},"end":{"line":108,"column":72},"skip":true},{"start":{"line":108,"column":77},"end":{"line":108,"column":82},"skip":true},{"start":{"line":109,"column":20},"end":{"line":109,"column":39},"skip":true},{"start":{"line":110,"column":20},"end":{"line":110,"column":49},"skip":true},{"start":{"line":111,"column":20},"end":{"line":111,"column":58},"skip":true},{"start":{"line":112,"column":20},"end":{"line":112,"column":68},"skip":true}]},"15":{"line":129,"type":"if","locations":[{"start":{"line":129,"column":16},"end":{"line":129,"column":16},"skip":true},{"start":{"line":129,"column":16},"end":{"line":129,"column":16},"skip":true}]},"16":{"line":134,"type":"cond-expr","locations":[{"start":{"line":135,"column":26},"end":{"line":135,"column":29},"skip":true},{"start":{"line":136,"column":26},"end":{"line":136,"column":54},"skip":true}]},"17":{"line":164,"type":"binary-expr","locations":[{"start":{"line":164,"column":27},"end":{"line":164,"column":43},"skip":true},{"start":{"line":164,"column":47},"end":{"line":164,"column":49},"skip":true}]},"18":{"line":258,"type":"if","locations":[{"start":{"line":258,"column":8},"end":{"line":258,"column":8},"skip":true},{"start":{"line":258,"column":8},"end":{"line":258,"column":8},"skip":true}]},"19":{"line":275,"type":"switch","locations":[{"start":{"line":276,"column":20},"end":{"line":277,"column":64},"skip":true},{"start":{"line":278,"column":20},"end":{"line":279,"column":40},"skip":true},{"start":{"line":280,"column":20},"end":{"line":281,"column":40},"skip":true},{"start":{"line":282,"column":20},"end":{"line":283,"column":39},"skip":true}]},"20":{"line":288,"type":"if","locations":[{"start":{"line":288,"column":8},"end":{"line":288,"column":8},"skip":true},{"start":{"line":288,"column":8},"end":{"line":288,"column":8},"skip":true}]},"21":{"line":288,"type":"binary-expr","locations":[{"start":{"line":288,"column":12},"end":{"line":288,"column":40},"skip":true},{"start":{"line":288,"column":44},"end":{"line":288,"column":67},"skip":true}]},"22":{"line":292,"type":"binary-expr","locations":[{"start":{"line":292,"column":12},"end":{"line":292,"column":50},"skip":true},{"start":{"line":293,"column":12},"end":{"line":293,"column":53},"skip":true}]},"23":{"line":297,"type":"binary-expr","locations":[{"start":{"line":297,"column":12},"end":{"line":297,"column":63},"skip":true},{"start":{"line":298,"column":12},"end":{"line":301,"column":36},"skip":true}]},"24":{"line":303,"type":"binary-expr","locations":[{"start":{"line":303,"column":43},"end":{"line":303,"column":75},"skip":true},{"start":{"line":303,"column":79},"end":{"line":303,"column":81},"skip":true}]},"25":{"line":306,"type":"if","locations":[{"start":{"line":306,"column":8},"end":{"line":306,"column":8},"skip":true},{"start":{"line":306,"column":8},"end":{"line":306,"column":8},"skip":true}]},"26":{"line":310,"type":"if","locations":[{"start":{"line":310,"column":8},"end":{"line":310,"column":8},"skip":true},{"start":{"line":310,"column":8},"end":{"line":310,"column":8},"skip":true}]},"27":{"line":313,"type":"binary-expr","locations":[{"start":{"line":313,"column":27},"end":{"line":313,"column":43},"skip":true},{"start":{"line":313,"column":47},"end":{"line":313,"column":53},"skip":true}]},"28":{"line":317,"type":"if","locations":[{"start":{"line":317,"column":12},"end":{"line":317,"column":12},"skip":true},{"start":{"line":317,"column":12},"end":{"line":317,"column":12},"skip":true}]}},"code":["/*","example.js","","quickstart example","","instruction","    1. save this script as example.js","    2. run the shell command:","        $ npm install npmtest-ponte && PORT=8081 node example.js","    3. play with the browser-demo on http://127.0.0.1:8081","*/","","","","/* istanbul instrument in package npmtest_ponte */","/*jslint","    bitwise: true,","    browser: true,","    maxerr: 8,","    maxlen: 96,","    node: true,","    nomen: true,","    regexp: true,","    stupid: true","*/","(function () {","    'use strict';","    var local;","","","","    // run shared js-env code - pre-init","    (function () {","        // init local","        local = {};","        // init modeJs","        local.modeJs = (function () {","            try {","                return typeof navigator.userAgent === 'string' &&","                    typeof document.querySelector('body') === 'object' &&","                    typeof XMLHttpRequest.prototype.open === 'function' &&","                    'browser';","            } catch (errorCaughtBrowser) {","                return module.exports &&","                    typeof process.versions.node === 'string' &&","                    typeof require('http').createServer === 'function' &&","                    'node';","            }","        }());","        // init global","        local.global = local.modeJs === 'browser'","            ? window","            : global;","        // init utility2_rollup","        local = local.global.utility2_rollup || (local.modeJs === 'browser'","            ? local.global.utility2_npmtest_ponte","            : global.utility2_moduleExports);","        // export local","        local.global.local = local;","    }());","    switch (local.modeJs) {","","","","    // post-init","    // run browser js-env code - post-init","    /* istanbul ignore next */","    case 'browser':","        local.testRunBrowser = function (event) {","            if (!event || (event &&","                    event.currentTarget &&","                    event.currentTarget.className &&","                    event.currentTarget.className.includes &&","                    event.currentTarget.className.includes('onreset'))) {","                // reset output","                Array.from(","                    document.querySelectorAll('body > .resettable')","                ).forEach(function (element) {","                    switch (element.tagName) {","                    case 'INPUT':","                    case 'TEXTAREA':","                        element.value = '';","                        break;","                    default:","                        element.textContent = '';","                    }","                });","            }","            switch (event && event.currentTarget && event.currentTarget.id) {","            case 'testRunButton1':","                // show tests","                if (document.querySelector('#testReportDiv1').style.display === 'none') {","                    document.querySelector('#testReportDiv1').style.display = 'block';","                    document.querySelector('#testRunButton1').textContent =","                        'hide internal test';","                    local.modeTest = true;","                    local.testRunDefault(local);","                // hide tests","                } else {","                    document.querySelector('#testReportDiv1').style.display = 'none';","                    document.querySelector('#testRunButton1').textContent = 'run internal test';","                }","                break;","            // custom-case","            default:","                break;","            }","            if (document.querySelector('#inputTextareaEval1') && (!event || (event &&","                    event.currentTarget &&","                    event.currentTarget.className &&","                    event.currentTarget.className.includes &&","                    event.currentTarget.className.includes('oneval')))) {","                // try to eval input-code","                try {","                    /*jslint evil: true*/","                    eval(document.querySelector('#inputTextareaEval1').value);","                } catch (errorCaught) {","                    console.error(errorCaught);","                }","            }","        };","        // log stderr and stdout to #outputTextareaStdout1","        ['error', 'log'].forEach(function (key) {","            console[key + '_original'] = console[key];","            console[key] = function () {","                var element;","                console[key + '_original'].apply(console, arguments);","                element = document.querySelector('#outputTextareaStdout1');","                if (!element) {","                    return;","                }","                // append text to #outputTextareaStdout1","                element.value += Array.from(arguments).map(function (arg) {","                    return typeof arg === 'string'","                        ? arg","                        : JSON.stringify(arg, null, 4);","                }).join(' ') + '\\n';","                // scroll textarea to bottom","                element.scrollTop = element.scrollHeight;","            };","        });","        // init event-handling","        ['change', 'click', 'keyup'].forEach(function (event) {","            Array.from(document.querySelectorAll('.on' + event)).forEach(function (element) {","                element.addEventListener(event, local.testRunBrowser);","            });","        });","        // run tests","        local.testRunBrowser();","        break;","","","","    // run node js-env code - post-init","    /* istanbul ignore next */","    case 'node':","        // export local","        module.exports = local;","        // require modules","        local.fs = require('fs');","        local.http = require('http');","        local.url = require('url');","        // init assets","        local.assetsDict = local.assetsDict || {};","        /* jslint-ignore-begin */","        local.assetsDict['/assets.index.template.html'] = '\\","<!doctype html>\\n\\","<html lang=\"en\">\\n\\","<head>\\n\\","<meta charset=\"UTF-8\">\\n\\","<meta name=\"viewport\" content=\"width=device-width, initial-scale=1\">\\n\\","<title>{{env.npm_package_name}} (v{{env.npm_package_version}})</title>\\n\\","<style>\\n\\","/*csslint\\n\\","    box-sizing: false,\\n\\","    universal-selector: false\\n\\","*/\\n\\","* {\\n\\","    box-sizing: border-box;\\n\\","}\\n\\","body {\\n\\","    background: #dde;\\n\\","    font-family: Arial, Helvetica, sans-serif;\\n\\","    margin: 2rem;\\n\\","}\\n\\","body > * {\\n\\","    margin-bottom: 1rem;\\n\\","}\\n\\",".utility2FooterDiv {\\n\\","    margin-top: 20px;\\n\\","    text-align: center;\\n\\","}\\n\\","</style>\\n\\","<style>\\n\\","/*csslint\\n\\","*/\\n\\","textarea {\\n\\","    font-family: monospace;\\n\\","    height: 10rem;\\n\\","    width: 100%;\\n\\","}\\n\\","textarea[readonly] {\\n\\","    background: #ddd;\\n\\","}\\n\\","</style>\\n\\","</head>\\n\\","<body>\\n\\","<!-- utility2-comment\\n\\","<div id=\"ajaxProgressDiv1\" style=\"background: #d00; height: 2px; left: 0; margin: 0; padding: 0; position: fixed; top: 0; transition: background 0.5s, width 1.5s; width: 25%;\"></div>\\n\\","utility2-comment -->\\n\\","<h1>\\n\\","<!-- utility2-comment\\n\\","    <a\\n\\","        {{#if env.npm_package_homepage}}\\n\\","        href=\"{{env.npm_package_homepage}}\"\\n\\","        {{/if env.npm_package_homepage}}\\n\\","        target=\"_blank\"\\n\\","    >\\n\\","utility2-comment -->\\n\\","        {{env.npm_package_name}} (v{{env.npm_package_version}})\\n\\","<!-- utility2-comment\\n\\","    </a>\\n\\","utility2-comment -->\\n\\","</h1>\\n\\","<h3>{{env.npm_package_description}}</h3>\\n\\","<!-- utility2-comment\\n\\","<h4><a download href=\"assets.app.js\">download standalone app</a></h4>\\n\\","<button class=\"onclick onreset\" id=\"testRunButton1\">run internal test</button><br>\\n\\","<div id=\"testReportDiv1\" style=\"display: none;\"></div>\\n\\","utility2-comment -->\\n\\","\\n\\","\\n\\","\\n\\","<label>stderr and stdout</label>\\n\\","<textarea class=\"resettable\" id=\"outputTextareaStdout1\" readonly></textarea>\\n\\","<!-- utility2-comment\\n\\","{{#if isRollup}}\\n\\","<script src=\"assets.app.js\"></script>\\n\\","{{#unless isRollup}}\\n\\","utility2-comment -->\\n\\","<script src=\"assets.utility2.rollup.js\"></script>\\n\\","<script src=\"jsonp.utility2._stateInit?callback=window.utility2._stateInit\"></script>\\n\\","<script src=\"assets.npmtest_ponte.rollup.js\"></script>\\n\\","<script src=\"assets.example.js\"></script>\\n\\","<script src=\"assets.test.js\"></script>\\n\\","<!-- utility2-comment\\n\\","{{/if isRollup}}\\n\\","utility2-comment -->\\n\\","<div class=\"utility2FooterDiv\">\\n\\","    [ this app was created with\\n\\","    <a href=\"https://github.com/kaizhu256/node-utility2\" target=\"_blank\">utility2</a>\\n\\","    ]\\n\\","</div>\\n\\","</body>\\n\\","</html>\\n\\","';","        /* jslint-ignore-end */","        if (local.templateRender) {","            local.assetsDict['/'] = local.templateRender(","                local.assetsDict['/assets.index.template.html'],","                {","                    env: local.objectSetDefault(local.env, {","                        npm_package_description: 'the greatest app in the world!',","                        npm_package_name: 'my-app',","                        npm_package_nameAlias: 'my_app',","                        npm_package_version: '0.0.1'","                    })","                }","            );","        } else {","            local.assetsDict['/'] = local.assetsDict['/assets.index.template.html']","                .replace((/\\{\\{env\\.(\\w+?)\\}\\}/g), function (match0, match1) {","                    // jslint-hack","                    String(match0);","                    switch (match1) {","                    case 'npm_package_description':","                        return 'the greatest app in the world!';","                    case 'npm_package_name':","                        return 'my-app';","                    case 'npm_package_nameAlias':","                        return 'my_app';","                    case 'npm_package_version':","                        return '0.0.1';","                    }","                });","        }","        // run the cli","        if (local.global.utility2_rollup || module !== require.main) {","            break;","        }","        local.assetsDict['/assets.example.js'] =","            local.assetsDict['/assets.example.js'] ||","            local.fs.readFileSync(__filename, 'utf8');","        // bug-workaround - long $npm_package_buildCustomOrg","        /* jslint-ignore-begin */","        local.assetsDict['/assets.npmtest_ponte.rollup.js'] =","            local.assetsDict['/assets.npmtest_ponte.rollup.js'] ||","            local.fs.readFileSync(","                local.npmtest_ponte.__dirname + '/lib.npmtest_ponte.js',","                'utf8'","            ).replace((/^#!/), '//');","        /* jslint-ignore-end */","        local.assetsDict['/favicon.ico'] = local.assetsDict['/favicon.ico'] || '';","        // if $npm_config_timeout_exit exists,","        // then exit this process after $npm_config_timeout_exit ms","        if (Number(process.env.npm_config_timeout_exit)) {","            setTimeout(process.exit, Number(process.env.npm_config_timeout_exit));","        }","        // start server","        if (local.global.utility2_serverHttp1) {","            break;","        }","        process.env.PORT = process.env.PORT || '8081';","        console.error('server starting on port ' + process.env.PORT);","        local.http.createServer(function (request, response) {","            request.urlParsed = local.url.parse(request.url);","            if (local.assetsDict[request.urlParsed.pathname] !== undefined) {","                response.end(local.assetsDict[request.urlParsed.pathname]);","                return;","            }","            response.statusCode = 404;","            response.end();","        }).listen(process.env.PORT);","        break;","    }","}());",""],"l":{"26":2,"28":2,"33":2,"35":2,"37":2,"38":2,"39":2,"44":1,"51":2,"55":2,"59":2,"61":2,"69":1,"70":2,"76":2,"79":2,"82":2,"83":2,"85":1,"89":2,"92":1,"93":1,"94":1,"96":1,"97":1,"100":1,"101":1,"103":1,"106":1,"108":2,"114":1,"116":1,"118":1,"123":1,"124":2,"125":2,"126":3,"127":3,"128":3,"129":3,"130":1,"133":3,"134":3,"139":3,"143":1,"144":3,"145":1,"149":1,"150":1,"158":1,"160":1,"161":1,"162":1,"164":1,"166":1,"258":1,"259":1,"271":1,"274":6,"275":6,"277":1,"279":2,"281":1,"283":2,"288":1,"289":1,"291":1,"296":1,"303":1,"306":1,"307":1,"310":1,"311":1,"313":1,"314":1,"315":1,"316":1,"317":1,"318":1,"319":1,"321":1,"322":1,"324":1}},"/home/travis/build/npmtest/node-npmtest-ponte/node_modules/ponte/lib/ponte.js":{"path":"/home/travis/build/npmtest/node-npmtest-ponte/node_modules/ponte/lib/ponte.js","s":{"1":1,"2":1,"3":1,"4":1,"5":1,"6":1,"7":0,"8":0,"9":0,"10":0,"11":0,"12":0,"13":0,"14":0,"15":0,"16":0,"17":0,"18":0,"19":0,"20":0,"21":0,"22":1,"23":1,"24":0,"25":0,"26":0,"27":0,"28":0,"29":0,"30":1,"31":1},"b":{"1":[0,0],"2":[0,0],"3":[0,0],"4":[0,0]},"f":{"1":0,"2":0,"3":0,"4":0,"5":0,"6":0},"fnMap":{"1":{"name":"Ponte","line":23,"loc":{"start":{"line":23,"column":0},"end":{"line":23,"column":27}}},"2":{"name":"(anonymous_2)","line":37,"loc":{"start":{"line":37,"column":28},"end":{"line":37,"column":46}}},"3":{"name":"(anonymous_3)","line":40,"loc":{"start":{"line":40,"column":35},"end":{"line":40,"column":59}}},"4":{"name":"(anonymous_4)","line":44,"loc":{"start":{"line":44,"column":5},"end":{"line":44,"column":19}}},"5":{"name":"close","line":53,"loc":{"start":{"line":53,"column":24},"end":{"line":53,"column":45}}},"6":{"name":"closeEverything","line":56,"loc":{"start":{"line":56,"column":29},"end":{"line":56,"column":63}}}},"statementMap":{"1":{"start":{"line":17,"column":0},"end":{"line":17,"column":29}},"2":{"start":{"line":18,"column":0},"end":{"line":18,"column":38}},"3":{"start":{"line":19,"column":0},"end":{"line":19,"column":50}},"4":{"start":{"line":20,"column":0},"end":{"line":20,"column":27}},"5":{"start":{"line":21,"column":0},"end":{"line":21,"column":29}},"6":{"start":{"line":23,"column":0},"end":{"line":49,"column":1}},"7":{"start":{"line":24,"column":2},"end":{"line":26,"column":3}},"8":{"start":{"line":25,"column":4},"end":{"line":25,"column":33}},"9":{"start":{"line":28,"column":2},"end":{"line":31,"column":3}},"10":{"start":{"line":29,"column":4},"end":{"line":29,"column":16}},"11":{"start":{"line":30,"column":4},"end":{"line":30,"column":14}},"12":{"start":{"line":33,"column":2},"end":{"line":33,"column":22}},"13":{"start":{"line":35,"column":2},"end":{"line":35,"column":18}},"14":{"start":{"line":37,"column":2},"end":{"line":48,"column":5}},"15":{"start":{"line":38,"column":4},"end":{"line":38,"column":63}},"16":{"start":{"line":39,"column":4},"end":{"line":39,"column":35}},"17":{"start":{"line":40,"column":4},"end":{"line":43,"column":7}},"18":{"start":{"line":41,"column":6},"end":{"line":41,"column":35}},"19":{"start":{"line":42,"column":6},"end":{"line":42,"column":14}},"20":{"start":{"line":45,"column":4},"end":{"line":47,"column":5}},"21":{"start":{"line":46,"column":6},"end":{"line":46,"column":22}},"22":{"start":{"line":51,"column":0},"end":{"line":51,"column":35}},"23":{"start":{"line":53,"column":0},"end":{"line":63,"column":2}},"24":{"start":{"line":54,"column":2},"end":{"line":54,"column":18}},"25":{"start":{"line":55,"column":2},"end":{"line":55,"column":46}},"26":{"start":{"line":56,"column":2},"end":{"line":62,"column":11}},"27":{"start":{"line":57,"column":4},"end":{"line":61,"column":5}},"28":{"start":{"line":58,"column":6},"end":{"line":58,"column":34}},"29":{"start":{"line":60,"column":6},"end":{"line":60,"column":11}},"30":{"start":{"line":65,"column":0},"end":{"line":65,"column":29}},"31":{"start":{"line":67,"column":0},"end":{"line":67,"column":23}}},"branchMap":{"1":{"line":24,"type":"if","locations":[{"start":{"line":24,"column":2},"end":{"line":24,"column":2}},{"start":{"line":24,"column":2},"end":{"line":24,"column":2}}]},"2":{"line":28,"type":"if","locations":[{"start":{"line":28,"column":2},"end":{"line":28,"column":2}},{"start":{"line":28,"column":2},"end":{"line":28,"column":2}}]},"3":{"line":45,"type":"if","locations":[{"start":{"line":45,"column":4},"end":{"line":45,"column":4}},{"start":{"line":45,"column":4},"end":{"line":45,"column":4}}]},"4":{"line":57,"type":"if","locations":[{"start":{"line":57,"column":4},"end":{"line":57,"column":4}},{"start":{"line":57,"column":4},"end":{"line":57,"column":4}}]}},"code":["'use strict';","/*******************************************************************************"," * Copyright (c) 2013-2014 Matteo Collina"," * All rights reserved. This program and the accompanying materials"," * are made available under the terms of the Eclipse Public License v1.0"," * and Eclipse Distribution License v1.0 which accompany this distribution."," *"," * The Eclipse Public License is available at "," *    http://www.eclipse.org/legal/epl-v10.html"," * and the Eclipse Distribution License is available at "," *   http://www.eclipse.org/org/documents/edl-v10.php."," *"," * Contributors:"," *    Matteo Collina - initial API and implementation and/or initial documentation"," *******************************************************************************/","","var async = require(\"async\");","var servers = require(\"./servers.js\");","var EventEmitter = require(\"events\").EventEmitter;","var util = require(\"util\");","var xtend = require(\"xtend\");","","function Ponte(opts, done) {","  if (!(this instanceof Ponte)) {","    return new Ponte(opts, done);","  }","","  if (typeof opts === \"function\") {","    done = opts;","    opts = {};","  }","","  this.options = opts;","","  var that = this;","","  async.eachSeries(servers, function(obj, cb) {","    opts[obj.service] = xtend(obj.defaults, opts[obj.service]);","    opts[obj.service].ponte = that;","    obj.factory(opts[obj.service], function(err, instance) {","      that[obj.service] = instance;","      cb(err);","    });","  }, function(err) {","    if (done) {","      done(err, that);","    }","  });","}","","util.inherits(Ponte, EventEmitter);","","Ponte.prototype.close = function close(done) {","  var that = this;","  var reversed = [].concat(servers).reverse();","  async.eachSeries(reversed, function closeEverything(obj, cb) {","    if (typeof that[obj.service].close === \"function\") {","      that[obj.service].close(cb);","    } else {","      cb();","    }","  }, done);","};","","Ponte.cli = require(\"./cli\");","","module.exports = Ponte;",""],"l":{"17":1,"18":1,"19":1,"20":1,"21":1,"23":1,"24":0,"25":0,"28":0,"29":0,"30":0,"33":0,"35":0,"37":0,"38":0,"39":0,"40":0,"41":0,"42":0,"45":0,"46":0,"51":1,"53":1,"54":0,"55":0,"56":0,"57":0,"58":0,"60":0,"65":1,"67":1}},"/home/travis/build/npmtest/node-npmtest-ponte/node_modules/ponte/lib/servers.js":{"path":"/home/travis/build/npmtest/node-npmtest-ponte/node_modules/ponte/lib/servers.js","s":{"1":1,"2":1,"3":1,"4":1,"5":1,"6":1,"7":1,"8":1,"9":0,"10":0,"11":0,"12":0,"13":0,"14":0,"15":0,"16":0,"17":0,"18":0,"19":0,"20":0,"21":0,"22":0,"23":0,"24":0,"25":0,"26":0,"27":0},"b":{"1":[0,0],"2":[0,0],"3":[0,0],"4":[0,0],"5":[0,0]},"f":{"1":0,"2":0,"3":0,"4":0,"5":0,"6":0},"fnMap":{"1":{"name":"(anonymous_1)","line":27,"loc":{"start":{"line":27,"column":11},"end":{"line":27,"column":32}}},"2":{"name":"(anonymous_2)","line":42,"loc":{"start":{"line":42,"column":11},"end":{"line":42,"column":32}}},"3":{"name":"(anonymous_3)","line":44,"loc":{"start":{"line":44,"column":28},"end":{"line":44,"column":55}}},"4":{"name":"(anonymous_4)","line":56,"loc":{"start":{"line":56,"column":11},"end":{"line":56,"column":30}}},"5":{"name":"(anonymous_5)","line":63,"loc":{"start":{"line":63,"column":40},"end":{"line":63,"column":64}}},"6":{"name":"moscaPonteEvent","line":75,"loc":{"start":{"line":75,"column":27},"end":{"line":75,"column":60}}}},"statementMap":{"1":{"start":{"line":17,"column":0},"end":{"line":17,"column":29}},"2":{"start":{"line":18,"column":0},"end":{"line":18,"column":29}},"3":{"start":{"line":19,"column":0},"end":{"line":19,"column":29}},"4":{"start":{"line":20,"column":0},"end":{"line":20,"column":43}},"5":{"start":{"line":21,"column":0},"end":{"line":21,"column":41}},"6":{"start":{"line":22,"column":0},"end":{"line":22,"column":31}},"7":{"start":{"line":23,"column":0},"end":{"line":23,"column":29}},"8":{"start":{"line":25,"column":0},"end":{"line":99,"column":3}},"9":{"start":{"line":28,"column":4},"end":{"line":28,"column":22}},"10":{"start":{"line":29,"column":4},"end":{"line":29,"column":42}},"11":{"start":{"line":43,"column":4},"end":{"line":43,"column":22}},"12":{"start":{"line":44,"column":4},"end":{"line":46,"column":7}},"13":{"start":{"line":45,"column":6},"end":{"line":45,"column":30}},"14":{"start":{"line":57,"column":4},"end":{"line":57,"column":41}},"15":{"start":{"line":58,"column":4},"end":{"line":62,"column":7}},"16":{"start":{"line":63,"column":4},"end":{"line":74,"column":7}},"17":{"start":{"line":64,"column":6},"end":{"line":66,"column":7}},"18":{"start":{"line":65,"column":8},"end":{"line":65,"column":48}},"19":{"start":{"line":67,"column":6},"end":{"line":69,"column":7}},"20":{"start":{"line":68,"column":8},"end":{"line":68,"column":56}},"21":{"start":{"line":70,"column":6},"end":{"line":72,"column":7}},"22":{"start":{"line":71,"column":8},"end":{"line":71,"column":60}},"23":{"start":{"line":73,"column":6},"end":{"line":73,"column":24}},"24":{"start":{"line":75,"column":4},"end":{"line":79,"column":7}},"25":{"start":{"line":76,"column":6},"end":{"line":78,"column":7}},"26":{"start":{"line":77,"column":8},"end":{"line":77,"column":65}},"27":{"start":{"line":80,"column":4},"end":{"line":80,"column":40}}},"branchMap":{"1":{"line":58,"type":"binary-expr","locations":[{"start":{"line":58,"column":24},"end":{"line":58,"column":35}},{"start":{"line":58,"column":39},"end":{"line":58,"column":41}}]},"2":{"line":64,"type":"if","locations":[{"start":{"line":64,"column":6},"end":{"line":64,"column":6}},{"start":{"line":64,"column":6},"end":{"line":64,"column":6}}]},"3":{"line":67,"type":"if","locations":[{"start":{"line":67,"column":6},"end":{"line":67,"column":6}},{"start":{"line":67,"column":6},"end":{"line":67,"column":6}}]},"4":{"line":70,"type":"if","locations":[{"start":{"line":70,"column":6},"end":{"line":70,"column":6}},{"start":{"line":70,"column":6},"end":{"line":70,"column":6}}]},"5":{"line":76,"type":"if","locations":[{"start":{"line":76,"column":6},"end":{"line":76,"column":6}},{"start":{"line":76,"column":6},"end":{"line":76,"column":6}}]}},"code":["'use strict';","/*******************************************************************************"," * Copyright (c) 2013-2014 Matteo Collina"," * All rights reserved. This program and the accompanying materials"," * are made available under the terms of the Eclipse Public License v1.0"," * and Eclipse Distribution License v1.0 which accompany this distribution."," *"," * The Eclipse Public License is available at "," *    http://www.eclipse.org/legal/epl-v10.html"," * and the Eclipse Distribution License is available at "," *   http://www.eclipse.org/org/documents/edl-v10.php."," *"," * Contributors:"," *    Matteo Collina - Extracted from ponte.js file."," *******************************************************************************/","","var mosca = require(\"mosca\");","var HTTP = require(\"./http\");","var CoAP = require(\"./coap\");","var persistence = require(\"./persistence\");","var ascoltatori = require(\"ascoltatori\");","var bunyan = require(\"bunyan\");","var xtend = require(\"xtend\");","","module.exports = [{","  service: \"logger\",","  factory: function(opts, done) {","    delete opts.ponte;","    done(null, bunyan.createLogger(opts));","  },","  defaults: {","    name: \"ponte\",","    level: 40","  }","}, {","  service: 'broker',","  defaults: {","    wildcardOne: '+',","    wildcardSome: '#',","    separator: '/'","  },","  factory: function(opts, done) {","    opts.json = false;","    ascoltatori.build(opts, function(err, ascoltatore) {","      done(null, ascoltatore);","    });","  }","}, {","  service: \"persistence\",","  factory: persistence,","  defaults: {","    type: \"memory\"","  }","}, {","  service: \"mqtt\",","  factory: function(opts, cb) {","    opts.ascoltatore = opts.ponte.broker;","    opts.logger = xtend(opts.logger || {}, {","      childOf: opts.ponte.logger,","      level: opts.ponte.logger.level(),","      service: \"MQTT\"","    });","    var server = new mosca.Server(opts, function(err, instance) {","      if (typeof opts.authenticate === \"function\") {","        server.authenticate = opts.authenticate;","      }","      if (typeof opts.authorizePublish === \"function\") {","        server.authorizePublish = opts.authorizePublish;","      }","      if (typeof opts.authorizeSubscribe === \"function\") {","        server.authorizeSubscribe = opts.authorizeSubscribe;","      }","      cb(err, instance);","    });","    server.on('published', function moscaPonteEvent(packet) {","      if (packet.retain) {","        opts.ponte.emit('updated', packet.topic, packet.payload);","      }","    });","    opts.ponte.persistence.wire(server);","  }","}, {","  service: \"http\",","  factory: HTTP,","  defaults: {","    port: 3000,","    serveLibraries: true,","    publicDirs: {","      ponte: __dirname + \"/../public\",","      mosca: __dirname + \"/../node_modules/mosca/public\"","    }","  }","}, {","  service: \"coap\",","  factory: CoAP,","  defaults: {","    port: 5683","  }","}];",""],"l":{"17":1,"18":1,"19":1,"20":1,"21":1,"22":1,"23":1,"25":1,"28":0,"29":0,"43":0,"44":0,"45":0,"57":0,"58":0,"63":0,"64":0,"65":0,"67":0,"68":0,"70":0,"71":0,"73":0,"75":0,"76":0,"77":0,"80":0}},"/home/travis/build/npmtest/node-npmtest-ponte/node_modules/ponte/lib/http.js":{"path":"/home/travis/build/npmtest/node-npmtest-ponte/node_modules/ponte/lib/http.js","s":{"1":1,"2":1,"3":1,"4":1,"5":1,"6":1,"7":1,"8":0,"9":0,"10":0,"11":0,"12":0,"13":0,"14":0,"15":0,"16":0,"17":0,"18":0,"19":0,"20":0,"21":0,"22":0,"23":0,"24":0,"25":0,"26":0,"27":0,"28":0,"29":1,"30":0,"31":1,"32":0,"33":0,"34":0,"35":0,"36":0,"37":0,"38":1,"39":0,"40":0,"41":0,"42":1,"43":0,"44":0,"45":0,"46":1,"47":0,"48":0,"49":0,"50":0,"51":0,"52":1,"53":0,"54":0,"55":0,"56":0,"57":0,"58":0,"59":0,"60":0,"61":0,"62":0,"63":0,"64":0,"65":0,"66":0,"67":0,"68":1,"69":0,"70":0,"71":0,"72":0,"73":0,"74":0,"75":0,"76":0,"77":0,"78":0,"79":0,"80":0,"81":0,"82":0,"83":0,"84":0,"85":0,"86":0,"87":0,"88":0,"89":0,"90":1,"91":0,"92":0,"93":0,"94":0,"95":0,"96":0,"97":0,"98":0,"99":0,"100":0,"101":0,"102":0,"103":0,"104":0,"105":0,"106":0,"107":0,"108":0,"109":0,"110":0,"111":0,"112":0,"113":0,"114":1,"115":0,"116":1,"117":0,"118":1,"119":0,"120":1},"b":{"1":[0,0],"2":[0,0],"3":[0,0],"4":[0,0],"5":[0,0],"6":[0,0],"7":[0,0],"8":[0,0],"9":[0,0],"10":[0,0],"11":[0,0],"12":[0,0],"13":[0,0],"14":[0,0],"15":[0,0],"16":[0,0],"17":[0,0],"18":[0,0],"19":[0,0],"20":[0,0],"21":[0,0]},"f":{"1":0,"2":0,"3":0,"4":0,"5":0,"6":0,"7":0,"8":0,"9":0,"10":0,"11":0,"12":0,"13":0,"14":0,"15":0,"16":0,"17":0,"18":0,"19":0,"20":0,"21":0,"22":0,"23":0},"fnMap":{"1":{"name":"HTTP","line":24,"loc":{"start":{"line":24,"column":0},"end":{"line":24,"column":26}}},"2":{"name":"(anonymous_2)","line":58,"loc":{"start":{"line":58,"column":43},"end":{"line":58,"column":57}}},"3":{"name":"(anonymous_3)","line":68,"loc":{"start":{"line":68,"column":23},"end":{"line":68,"column":38}}},"4":{"name":"(anonymous_4)","line":72,"loc":{"start":{"line":72,"column":29},"end":{"line":72,"column":44}}},"5":{"name":"handleAuthError","line":81,"loc":{"start":{"line":81,"column":2},"end":{"line":81,"column":37}}},"6":{"name":"handleNotAuthenticated","line":87,"loc":{"start":{"line":87,"column":2},"end":{"line":87,"column":39}}},"7":{"name":"handleNotAuthorized","line":93,"loc":{"start":{"line":93,"column":2},"end":{"line":93,"column":36}}},"8":{"name":"handleGetResource","line":111,"loc":{"start":{"line":111,"column":2},"end":{"line":111,"column":55}}},"9":{"name":"(anonymous_9)","line":116,"loc":{"start":{"line":116,"column":33},"end":{"line":116,"column":59}}},"10":{"name":"(anonymous_10)","line":127,"loc":{"start":{"line":127,"column":40},"end":{"line":127,"column":63}}},"11":{"name":"handlePutResource","line":141,"loc":{"start":{"line":141,"column":2},"end":{"line":141,"column":55}}},"12":{"name":"(anonymous_12)","line":146,"loc":{"start":{"line":146,"column":22},"end":{"line":146,"column":45}}},"13":{"name":"(anonymous_13)","line":153,"loc":{"start":{"line":153,"column":44},"end":{"line":153,"column":70}}},"14":{"name":"(anonymous_14)","line":165,"loc":{"start":{"line":165,"column":42},"end":{"line":165,"column":53}}},"15":{"name":"(anonymous_15)","line":166,"loc":{"start":{"line":166,"column":51},"end":{"line":166,"column":62}}},"16":{"name":"handleNotFound","line":180,"loc":{"start":{"line":180,"column":2},"end":{"line":180,"column":31}}},"17":{"name":"httpServer","line":187,"loc":{"start":{"line":187,"column":5},"end":{"line":187,"column":35}}},"18":{"name":"(anonymous_18)","line":190,"loc":{"start":{"line":190,"column":21},"end":{"line":190,"column":32}}},"19":{"name":"(anonymous_19)","line":199,"loc":{"start":{"line":199,"column":24},"end":{"line":199,"column":62}}},"20":{"name":"(anonymous_20)","line":221,"loc":{"start":{"line":221,"column":36},"end":{"line":221,"column":47}}},"21":{"name":"(anonymous_21)","line":239,"loc":{"start":{"line":239,"column":30},"end":{"line":239,"column":48}}},"22":{"name":"(anonymous_22)","line":251,"loc":{"start":{"line":251,"column":30},"end":{"line":251,"column":59}}},"23":{"name":"(anonymous_23)","line":264,"loc":{"start":{"line":264,"column":30},"end":{"line":264,"column":68}}}},"statementMap":{"1":{"start":{"line":17,"column":0},"end":{"line":17,"column":27}},"2":{"start":{"line":18,"column":0},"end":{"line":18,"column":44}},"3":{"start":{"line":19,"column":0},"end":{"line":19,"column":42}},"4":{"start":{"line":20,"column":0},"end":{"line":20,"column":31}},"5":{"start":{"line":21,"column":0},"end":{"line":21,"column":23}},"6":{"start":{"line":22,"column":0},"end":{"line":22,"column":33}},"7":{"start":{"line":24,"column":0},"end":{"line":66,"column":1}},"8":{"start":{"line":25,"column":2},"end":{"line":27,"column":3}},"9":{"start":{"line":26,"column":4},"end":{"line":26,"column":32}},"10":{"start":{"line":29,"column":2},"end":{"line":32,"column":3}},"11":{"start":{"line":30,"column":4},"end":{"line":30,"column":16}},"12":{"start":{"line":31,"column":4},"end":{"line":31,"column":14}},"13":{"start":{"line":34,"column":2},"end":{"line":34,"column":18}},"14":{"start":{"line":35,"column":2},"end":{"line":35,"column":45}},"15":{"start":{"line":36,"column":2},"end":{"line":36,"column":27}},"16":{"start":{"line":38,"column":2},"end":{"line":40,"column":3}},"17":{"start":{"line":39,"column":4},"end":{"line":39,"column":42}},"18":{"start":{"line":42,"column":2},"end":{"line":44,"column":3}},"19":{"start":{"line":43,"column":4},"end":{"line":43,"column":42}},"20":{"start":{"line":46,"column":2},"end":{"line":48,"column":3}},"21":{"start":{"line":47,"column":4},"end":{"line":47,"column":42}},"22":{"start":{"line":50,"column":2},"end":{"line":56,"column":5}},"23":{"start":{"line":57,"column":2},"end":{"line":57,"column":58}},"24":{"start":{"line":58,"column":2},"end":{"line":61,"column":5}},"25":{"start":{"line":59,"column":4},"end":{"line":59,"column":20}},"26":{"start":{"line":60,"column":4},"end":{"line":60,"column":55}},"27":{"start":{"line":63,"column":2},"end":{"line":65,"column":3}},"28":{"start":{"line":64,"column":4},"end":{"line":64,"column":51}},"29":{"start":{"line":68,"column":0},"end":{"line":70,"column":2}},"30":{"start":{"line":69,"column":2},"end":{"line":69,"column":26}},"31":{"start":{"line":72,"column":0},"end":{"line":229,"column":2}},"32":{"start":{"line":73,"column":2},"end":{"line":73,"column":28}},"33":{"start":{"line":74,"column":2},"end":{"line":74,"column":38}},"34":{"start":{"line":75,"column":2},"end":{"line":75,"column":26}},"35":{"start":{"line":77,"column":2},"end":{"line":77,"column":39}},"36":{"start":{"line":78,"column":2},"end":{"line":78,"column":39}},"37":{"start":{"line":79,"column":2},"end":{"line":79,"column":39}},"38":{"start":{"line":81,"column":2},"end":{"line":85,"column":3}},"39":{"start":{"line":82,"column":4},"end":{"line":82,"column":21}},"40":{"start":{"line":83,"column":4},"end":{"line":83,"column":25}},"41":{"start":{"line":84,"column":4},"end":{"line":84,"column":14}},"42":{"start":{"line":87,"column":2},"end":{"line":91,"column":3}},"43":{"start":{"line":88,"column":4},"end":{"line":88,"column":41}},"44":{"start":{"line":89,"column":4},"end":{"line":89,"column":25}},"45":{"start":{"line":90,"column":4},"end":{"line":90,"column":14}},"46":{"start":{"line":93,"column":2},"end":{"line":97,"column":3}},"47":{"start":{"line":94,"column":4},"end":{"line":94,"column":34}},"48":{"start":{"line":95,"column":4},"end":{"line":95,"column":25}},"49":{"start":{"line":96,"column":4},"end":{"line":96,"column":14}},"50":{"start":{"line":99,"column":2},"end":{"line":103,"column":5}},"51":{"start":{"line":105,"column":2},"end":{"line":109,"column":5}},"52":{"start":{"line":111,"column":2},"end":{"line":139,"column":3}},"53":{"start":{"line":112,"column":4},"end":{"line":114,"column":5}},"54":{"start":{"line":113,"column":6},"end":{"line":113,"column":19}},"55":{"start":{"line":116,"column":4},"end":{"line":136,"column":7}},"56":{"start":{"line":117,"column":6},"end":{"line":120,"column":7}},"57":{"start":{"line":118,"column":8},"end":{"line":118,"column":34}},"58":{"start":{"line":119,"column":8},"end":{"line":119,"column":15}},"59":{"start":{"line":122,"column":6},"end":{"line":125,"column":7}},"60":{"start":{"line":123,"column":8},"end":{"line":123,"column":33}},"61":{"start":{"line":124,"column":8},"end":{"line":124,"column":15}},"62":{"start":{"line":127,"column":6},"end":{"line":134,"column":9}},"63":{"start":{"line":128,"column":8},"end":{"line":133,"column":9}},"64":{"start":{"line":129,"column":10},"end":{"line":129,"column":31}},"65":{"start":{"line":130,"column":10},"end":{"line":130,"column":31}},"66":{"start":{"line":132,"column":10},"end":{"line":132,"column":38}},"67":{"start":{"line":138,"column":4},"end":{"line":138,"column":16}},"68":{"start":{"line":141,"column":2},"end":{"line":178,"column":3}},"69":{"start":{"line":142,"column":4},"end":{"line":144,"column":5}},"70":{"start":{"line":143,"column":6},"end":{"line":143,"column":19}},"71":{"start":{"line":146,"column":4},"end":{"line":175,"column":8}},"72":{"start":{"line":147,"column":6},"end":{"line":147,"column":27}},"73":{"start":{"line":149,"column":6},"end":{"line":151,"column":7}},"74":{"start":{"line":150,"column":8},"end":{"line":150,"column":21}},"75":{"start":{"line":153,"column":6},"end":{"line":174,"column":9}},"76":{"start":{"line":154,"column":8},"end":{"line":157,"column":9}},"77":{"start":{"line":155,"column":10},"end":{"line":155,"column":36}},"78":{"start":{"line":156,"column":10},"end":{"line":156,"column":17}},"79":{"start":{"line":159,"column":8},"end":{"line":162,"column":9}},"80":{"start":{"line":160,"column":10},"end":{"line":160,"column":35}},"81":{"start":{"line":161,"column":10},"end":{"line":161,"column":17}},"82":{"start":{"line":164,"column":8},"end":{"line":164,"column":70}},"83":{"start":{"line":165,"column":8},"end":{"line":172,"column":11}},"84":{"start":{"line":166,"column":10},"end":{"line":171,"column":13}},"85":{"start":{"line":167,"column":12},"end":{"line":167,"column":61}},"86":{"start":{"line":168,"column":12},"end":{"line":168,"column":33}},"87":{"start":{"line":169,"column":12},"end":{"line":169,"column":22}},"88":{"start":{"line":170,"column":12},"end":{"line":170,"column":62}},"89":{"start":{"line":177,"column":4},"end":{"line":177,"column":16}},"90":{"start":{"line":180,"column":2},"end":{"line":183,"column":3}},"91":{"start":{"line":181,"column":4},"end":{"line":181,"column":25}},"92":{"start":{"line":182,"column":4},"end":{"line":182,"column":25}},"93":{"start":{"line":185,"column":2},"end":{"line":228,"column":5}},"94":{"start":{"line":188,"column":4},"end":{"line":188,"column":30}},"95":{"start":{"line":190,"column":4},"end":{"line":192,"column":7}},"96":{"start":{"line":191,"column":6},"end":{"line":191,"column":32}},"97":{"start":{"line":195,"column":4},"end":{"line":195,"column":47}},"98":{"start":{"line":196,"column":4},"end":{"line":227,"column":5}},"99":{"start":{"line":197,"column":6},"end":{"line":197,"column":27}},"100":{"start":{"line":199,"column":6},"end":{"line":217,"column":9}},"101":{"start":{"line":200,"column":8},"end":{"line":203,"column":9}},"102":{"start":{"line":201,"column":10},"end":{"line":201,"column":36}},"103":{"start":{"line":202,"column":10},"end":{"line":202,"column":17}},"104":{"start":{"line":205,"column":8},"end":{"line":208,"column":9}},"105":{"start":{"line":206,"column":10},"end":{"line":206,"column":38}},"106":{"start":{"line":207,"column":10},"end":{"line":207,"column":17}},"107":{"start":{"line":210,"column":8},"end":{"line":212,"column":54}},"108":{"start":{"line":214,"column":8},"end":{"line":216,"column":9}},"109":{"start":{"line":215,"column":10},"end":{"line":215,"column":30}},"110":{"start":{"line":220,"column":6},"end":{"line":226,"column":7}},"111":{"start":{"line":221,"column":8},"end":{"line":223,"column":11}},"112":{"start":{"line":222,"column":10},"end":{"line":222,"column":38}},"113":{"start":{"line":225,"column":8},"end":{"line":225,"column":28}},"114":{"start":{"line":239,"column":0},"end":{"line":241,"column":2}},"115":{"start":{"line":240,"column":2},"end":{"line":240,"column":21}},"116":{"start":{"line":251,"column":0},"end":{"line":253,"column":2}},"117":{"start":{"line":252,"column":2},"end":{"line":252,"column":17}},"118":{"start":{"line":264,"column":0},"end":{"line":266,"column":2}},"119":{"start":{"line":265,"column":2},"end":{"line":265,"column":17}},"120":{"start":{"line":268,"column":0},"end":{"line":268,"column":22}}},"branchMap":{"1":{"line":25,"type":"if","locations":[{"start":{"line":25,"column":2},"end":{"line":25,"column":2}},{"start":{"line":25,"column":2},"end":{"line":25,"column":2}}]},"2":{"line":29,"type":"if","locations":[{"start":{"line":29,"column":2},"end":{"line":29,"column":2}},{"start":{"line":29,"column":2},"end":{"line":29,"column":2}}]},"3":{"line":38,"type":"if","locations":[{"start":{"line":38,"column":2},"end":{"line":38,"column":2}},{"start":{"line":38,"column":2},"end":{"line":38,"column":2}}]},"4":{"line":42,"type":"if","locations":[{"start":{"line":42,"column":2},"end":{"line":42,"column":2}},{"start":{"line":42,"column":2},"end":{"line":42,"column":2}}]},"5":{"line":46,"type":"if","locations":[{"start":{"line":46,"column":2},"end":{"line":46,"column":2}},{"start":{"line":46,"column":2},"end":{"line":46,"column":2}}]},"6":{"line":63,"type":"if","locations":[{"start":{"line":63,"column":2},"end":{"line":63,"column":2}},{"start":{"line":63,"column":2},"end":{"line":63,"column":2}}]},"7":{"line":112,"type":"if","locations":[{"start":{"line":112,"column":4},"end":{"line":112,"column":4}},{"start":{"line":112,"column":4},"end":{"line":112,"column":4}}]},"8":{"line":117,"type":"if","locations":[{"start":{"line":117,"column":6},"end":{"line":117,"column":6}},{"start":{"line":117,"column":6},"end":{"line":117,"column":6}}]},"9":{"line":122,"type":"if","locations":[{"start":{"line":122,"column":6},"end":{"line":122,"column":6}},{"start":{"line":122,"column":6},"end":{"line":122,"column":6}}]},"10":{"line":128,"type":"if","locations":[{"start":{"line":128,"column":8},"end":{"line":128,"column":8}},{"start":{"line":128,"column":8},"end":{"line":128,"column":8}}]},"11":{"line":142,"type":"if","locations":[{"start":{"line":142,"column":4},"end":{"line":142,"column":4}},{"start":{"line":142,"column":4},"end":{"line":142,"column":4}}]},"12":{"line":142,"type":"binary-expr","locations":[{"start":{"line":142,"column":8},"end":{"line":142,"column":28}},{"start":{"line":142,"column":32},"end":{"line":142,"column":53}}]},"13":{"line":149,"type":"if","locations":[{"start":{"line":149,"column":6},"end":{"line":149,"column":6}},{"start":{"line":149,"column":6},"end":{"line":149,"column":6}}]},"14":{"line":154,"type":"if","locations":[{"start":{"line":154,"column":8},"end":{"line":154,"column":8}},{"start":{"line":154,"column":8},"end":{"line":154,"column":8}}]},"15":{"line":159,"type":"if","locations":[{"start":{"line":159,"column":8},"end":{"line":159,"column":8}},{"start":{"line":159,"column":8},"end":{"line":159,"column":8}}]},"16":{"line":196,"type":"if","locations":[{"start":{"line":196,"column":4},"end":{"line":196,"column":4}},{"start":{"line":196,"column":4},"end":{"line":196,"column":4}}]},"17":{"line":200,"type":"if","locations":[{"start":{"line":200,"column":8},"end":{"line":200,"column":8}},{"start":{"line":200,"column":8},"end":{"line":200,"column":8}}]},"18":{"line":205,"type":"if","locations":[{"start":{"line":205,"column":8},"end":{"line":205,"column":8}},{"start":{"line":205,"column":8},"end":{"line":205,"column":8}}]},"19":{"line":211,"type":"binary-expr","locations":[{"start":{"line":211,"column":10},"end":{"line":211,"column":53}},{"start":{"line":212,"column":10},"end":{"line":212,"column":53}}]},"20":{"line":214,"type":"if","locations":[{"start":{"line":214,"column":8},"end":{"line":214,"column":8}},{"start":{"line":214,"column":8},"end":{"line":214,"column":8}}]},"21":{"line":220,"type":"if","locations":[{"start":{"line":220,"column":6},"end":{"line":220,"column":6}},{"start":{"line":220,"column":6},"end":{"line":220,"column":6}}]}},"code":["'use strict';","/*******************************************************************************"," * Copyright (c) 2013-2014 Matteo Collina"," * All rights reserved. This program and the accompanying materials"," * are made available under the terms of the Eclipse Public License v1.0"," * and Eclipse Distribution License v1.0 which accompany this distribution."," *"," * The Eclipse Public License is available at"," *    http://www.eclipse.org/legal/epl-v10.html"," * and the Eclipse Distribution License is available at"," *   http://www.eclipse.org/org/documents/edl-v10.php."," *"," * Contributors:"," *    Matteo Collina - initial API and implementation and/or initial documentation"," *******************************************************************************/","","var http = require(\"http\");","var resourcesRegexp = /^\\/resources\\/(.+)$/;","var callback = require(\"callback-stream\");","var bu
[...]
","\t\t *                                  <li>errorMessage - text describing the error.      ","\t\t *                                  </ol>","\t\t * @param {number} subscribeOptions.timeout - which, if present, determines the number of","\t\t *                                  seconds after which the onFailure calback is called.","\t\t *                                  The presence of a timeout does not prevent the onSuccess","\t\t *                                  callback from being called when the subscribe completes.         ","\t\t * @throws {InvalidState} if the client is not in connected state.","\t\t */","\t\tthis.subscribe = function (filter, subscribeOptions) {","\t\t\tif (typeof filter !== \"string\")","\t\t\t\tthrow new Error(\"Invalid argument:\"+filter);","\t\t\tsubscribeOptions = subscribeOptions || {} ;","\t\t\tvalidate(subscribeOptions,  {qos:\"number\", ","\t\t\t\t\t\t\t\t\t\t invocationContext:\"object\", ","\t\t\t\t\t\t\t\t\t\t onSuccess:\"function\", ","\t\t\t\t\t\t\t\t\t\t onFailure:\"function\",","\t\t\t\t\t\t\t\t\t\t timeout:\"number\"","\t\t\t\t\t\t\t\t\t\t});","\t\t\tif (subscribeOptions.timeout && !subscribeOptions.onFailure)","\t\t\t\tthrow new Error(\"subscribeOptions.timeout specified with no onFailure callback.\");","\t\t\tif (typeof subscribeOptions.qos !== \"undefined\" ","\t\t\t\t&& !(subscribeOptions.qos === 0 || subscribeOptions.qos === 1 || subscribeOptions.qos === 2 ))","\t\t\t\tthrow new Error(format(ERROR.INVALID_ARGUMENT, [subscribeOptions.qos, \"subscribeOptions.qos\"]));","\t\t\tclient.subscribe(filter, subscribeOptions);","\t\t};","","\t\t/**","\t\t * Unsubscribe for messages, stop receiving messages sent to destinations described by the filter.","\t\t * ","\t\t * @name Messaging.Client#unsubscribe","\t\t * @function","\t\t * @param {string} filter - describing the destinations to receive messages from.","\t\t * @param {object} unsubscribeOptions - used to control the subscription","\t\t * @param {object} unsubscribeOptions.invocationContext - passed to the onSuccess callback ","\t\t                                      or onFailure callback.","\t\t * @param {function} unsubscribeOptions.onSuccess - called when the unsubscribe acknowledgement has been received from the server.","\t\t *                                    A single response object parameter is passed to the ","\t\t *                                    onSuccess callback containing the following fields:","\t\t *                                    <ol>","\t\t *                                    <li>invocationContext - if set in the unsubscribeOptions.     ","\t\t *                                    </ol>","\t\t * @param {function} unsubscribeOptions.onFailure called when the unsubscribe request has failed or timed out.","\t\t *                                    A single response object parameter is passed to the onFailure callback containing the following fields:","\t\t *                                    <ol>","\t\t *                                    <li>invocationContext - if set in the unsubscribeOptions.       ","\t\t *                                    <li>errorCode - a number indicating the nature of the error.","\t\t *                                    <li>errorMessage - text describing the error.      ","\t\t *                                    </ol>","\t\t * @param {number} unsubscribeOptions.timeout - which, if present, determines the number of seconds","\t\t *                                    after which the onFailure callback is called. The presence of","\t\t *                                    a timeout does not prevent the onSuccess callback from being","\t\t *                                    called when the unsubscribe completes","\t\t * @throws {InvalidState} if the client is not in connected state.","\t\t */","\t\tthis.unsubscribe = function (filter, unsubscribeOptions) {","\t\t\tif (typeof filter !== \"string\")","\t\t\t\tthrow new Error(\"Invalid argument:\"+filter);","\t\t\tunsubscribeOptions = unsubscribeOptions || {} ;","\t\t\tvalidate(unsubscribeOptions,  {invocationContext:\"object\", ","\t\t\t\t\t\t\t\t\t\t   onSuccess:\"function\", ","\t\t\t\t\t\t\t\t\t\t   onFailure:\"function\",","\t\t\t\t\t\t\t\t\t\t   timeout:\"number\"","\t\t\t\t\t\t\t\t\t\t  });","\t\t\tif (unsubscribeOptions.timeout && !unsubscribeOptions.onFailure)","\t\t\t\tthrow new Error(\"unsubscribeOptions.timeout specified with no onFailure callback.\");","\t\t\tclient.unsubscribe(filter, unsubscribeOptions);","\t\t};","","\t\t/**","\t\t * Send a message to the consumers of the destination in the Message.","\t\t * ","\t\t * @name Messaging.Client#send","\t\t * @function ","\t\t * @param {Messaging.Message} message to send.","\t\t ","\t\t * @throws {InvalidState} if the client is not connected.","\t\t */   ","\t\tthis.send = function (message) {       \t","\t\t\tif (!(message instanceof Message))","\t\t\t\tthrow new Error(\"Invalid argument:\"+typeof message);","\t\t\tif (typeof message.destinationName === \"undefined\")","\t\t\t\tthrow new Error(\"Invalid parameter Message.destinationName:\"+message.destinationName);","\t\t   ","\t\t\tclient.send(message);   ","\t\t};","\t\t","\t\t/** ","\t\t * Normal disconnect of this Messaging client from its server.","\t\t * ","\t\t * @name Messaging.Client#disconnect","\t\t * @function","\t\t * @throws {InvalidState} if the client is already disconnected.     ","\t\t */","\t\tthis.disconnect = function () {","\t\t\tclient.disconnect();","\t\t};","\t\t","\t\t/** ","\t\t * Get the contents of the trace log.","\t\t * ","\t\t * @name Messaging.Client#getTraceLog","\t\t * @function","\t\t * @return {Object[]} tracebuffer containing the time ordered trace records.","\t\t */","\t\tthis.getTraceLog = function () {","\t\t\treturn client.getTraceLog();","\t\t}","\t\t","\t\t/** ","\t\t * Start tracing.","\t\t * ","\t\t * @name Messaging.Client#startTrace","\t\t * @function","\t\t */","\t\tthis.startTrace = function () {","\t\t\tclient.startTrace();","\t\t};","\t\t","\t\t/** ","\t\t * Stop tracing.","\t\t * ","\t\t * @name Messaging.Client#stopTrace","\t\t * @function","\t\t */","\t\tthis.stopTrace = function () {","\t\t\tclient.stopTrace();","\t\t};","\t};","","\tClient.prototype = {","\t\tget host() { return this._getHost(); },","\t\tset host(newHost) { this._setHost(newHost); },","\t\t\t","\t\tget port() { return this._getPort(); },","\t\tset port(newPort) { this._setPort(newPort); },","","\t\tget path() { return this._getPath(); },","\t\tset path(newPath) { this._setPath(newPath); },","\t\t\t","\t\tget clientId() { return this._getClientId(); },","\t\tset clientId(newClientId) { this._setClientId(newClientId); },","","\t\tget onConnectionLost() { return this._getOnConnectionLost(); },","\t\tset onConnectionLost(newOnConnectionLost) { this._setOnConnectionLost(newOnConnectionLost); },","","\t\tget onMessageDelivered() { return this._getOnMessageDelivered(); },","\t\tset onMessageDelivered(newOnMessageDelivered) { this._setOnMessageDelivered(newOnMessageDelivered); },","\t\t","\t\tget onMessageArrived() { return this._getOnMessageArrived(); },","\t\tset onMessageArrived(newOnMessageArrived) { this._setOnMessageArrived(newOnMessageArrived); }","\t};","\t","\t/** ","\t * An application message, sent or received.","\t * <p>","\t * All attributes may be null, which implies the default values.","\t * ","\t * @name Messaging.Message","\t * @constructor","\t * @param {String|ArrayBuffer} payload The message data to be sent.","\t * <p>","\t * @property {string} payloadString <i>read only</i> The payload as a string if the payload consists of valid UTF-8 characters.","\t * @property {ArrayBuffer} payloadBytes <i>read only</i> The payload as an ArrayBuffer.","\t * <p>","\t * @property {string} destinationName <b>mandatory</b> The name of the destination to which the message is to be sent","\t *                    (for messages about to be sent) or the name of the destination from which the message has been received.","\t *                    (for messages received by the onMessage function).","\t * <p>","\t * @property {number} qos The Quality of Service used to deliver the message.","\t * <dl>","\t *     <dt>0 Best effort (default).","\t *     <dt>1 At least once.","\t *     <dt>2 Exactly once.     ","\t * </dl>","\t * <p>","\t * @property {Boolean} retained If true, the message is to be retained by the server and delivered ","\t *                     to both current and future subscriptions.","\t *                     If false the server only delivers the message to current subscribers, this is the default for new Messages. ","\t *                     A received message has the retained boolean set to true if the message was published ","\t *                     with the retained boolean set to true","\t *                     and the subscrption was made after the message has been published. ","\t * <p>","\t * @property {Boolean} duplicate <i>read only</i> If true, this message might be a duplicate of one which has already been received. ","\t *                     This is only set on messages received from the server.","\t *                     ","\t */","\tvar Message = function (newPayload) {  ","\t\tvar payload;","\t\tif (   typeof newPayload === \"string\" ","\t\t\t|| newPayload instanceof ArrayBuffer","\t\t\t|| newPayload instanceof Int8Array","\t\t\t|| newPayload instanceof Uint8Array","\t\t\t|| newPayload instanceof Int16Array","\t\t\t|| newPayload instanceof Uint16Array","\t\t\t|| newPayload instanceof Int32Array","\t\t\t|| newPayload instanceof Uint32Array","\t\t\t|| newPayload instanceof Float32Array","\t\t\t|| newPayload instanceof Float64Array","\t\t   ) {","\t\t\tpayload = newPayload;","\t\t} else {","\t\t\tthrow (format(ERROR.INVALID_ARGUMENT, [newPayload, \"newPayload\"]));","\t\t}","","\t\tthis._getPayloadString = function () {","\t\t\tif (typeof payload === \"string\")","\t\t\t\treturn payload;","\t\t\telse","\t\t\t\treturn parseUTF8(payload, 0, payload.length); ","\t\t};","","\t\tthis._getPayloadBytes = function() {","\t\t\tif (typeof payload === \"string\") {","\t\t\t\tvar buffer = new ArrayBuffer(UTF8Length(payload));","\t\t\t\tvar byteStream = new Uint8Array(buffer); ","\t\t\t\tstringToUTF8(payload, byteStream, 0);","","\t\t\t\treturn byteStream;","\t\t\t} else {","\t\t\t\treturn payload;","\t\t\t};","\t\t};","","\t\tvar destinationName = undefined;","\t\tthis._getDestinationName = function() { return destinationName; };","\t\tthis._setDestinationName = function(newDestinationName) { ","\t\t\tif (typeof newDestinationName === \"string\")","\t\t\t\tdestinationName = newDestinationName;","\t\t\telse ","\t\t\t\tthrow new Error(format(ERROR.INVALID_ARGUMENT, [newDestinationName, \"newDestinationName\"]));","\t\t};","\t\t\t\t","\t\tvar qos = 0;","\t\tthis._getQos = function() { return qos; };","\t\tthis._setQos = function(newQos) { ","\t\t\tif (newQos === 0 || newQos === 1 || newQos === 2 )","\t\t\t\tqos = newQos;","\t\t\telse ","\t\t\t\tthrow new Error(\"Invalid argument:\"+newQos);","\t\t};","","\t\tvar retained = false;","\t\tthis._getRetained = function() { return retained; };","\t\tthis._setRetained = function(newRetained) { ","\t\t\tif (typeof newRetained === \"boolean\")","\t\t\t\tretained = newRetained;","\t\t\telse ","\t\t\t\tthrow new Error(format(ERROR.INVALID_ARGUMENT, [newRetained, \"newRetained\"]));","\t\t};","\t\t","\t\tvar duplicate = false;","\t\tthis._getDuplicate = function() { return duplicate; };","\t\tthis._setDuplicate = function(newDuplicate) { duplicate = newDuplicate; };","\t};","\t","\tMessage.prototype = {","\t\tget payloadString() { return this._getPayloadString(); },","\t\tget payloadBytes() { return this._getPayloadBytes(); },","\t\t","\t\tget destinationName() { return this._getDestinationName(); },","\t\tset destinationName(newDestinationName) { this._setDestinationName(newDestinationName); },","\t\t","\t\tget qos() { return this._getQos(); },","\t\tset qos(newQos) { this._setQos(newQos); },","","\t\tget retained() { return this._getRetained(); },","\t\tset retained(newRetained) { this._setRetained(newRetained); },","","\t\tget duplicate() { return this._getDuplicate(); },","\t\tset duplicate(newDuplicate) { this._setDuplicate(newDuplicate); }","\t};","\t   ","\t// Module contents.","\treturn {","\t\tClient: Client,","\t\tMessage: Message","\t};","})(window);",""],"l":{"83":2,"88":0,"89":0,"96":0,"126":0,"127":0,"128":0,"129":0,"130":0,"131":0,"133":0,"134":0,"135":0,"136":0,"137":0,"151":0,"152":0,"153":0,"162":0,"184":0,"200":0,"201":0,"202":0,"203":0,"204":0,"205":0,"206":0,"207":0,"208":0,"209":0,"213":0,"217":0,"243":0,"244":0,"245":0,"246":0,"247":0,"252":0,"254":0,"261":0,"262":0,"265":0,"266":0,"268":0,"271":0,"272":0,"273":0,"274":0,"276":0,"277":0,"278":0,"279":0,"281":0,"282":0,"283":0,"284":0,"285":0,"289":0,"290":0,"291":0,"292":0,"294":0,"296":0,"299":0,"300":0,"301":0,"302":0,"304":0,"307":0,"308":0,"309":0,"310":0,"311":0,"312":0,"313":0,"314":0,"315":0,"316":0,"317":0,"318":0,"321":0,"329":0,"330":0,"331":0,"332":0,"335":0,"336":0,"339":0,"340":0,"343":0,"344":0,"345":0,"346":0,"347":0,"348":0,"349":0,"350":0,"351":0,"352":0,"353":0,"356":0,"357":0,"358":0,"359":0,"360":0,"361":0,"365":0,"366":0,"368":0,"370":0,"371":0,"372":0,"373":0,"374":0,"375":0,"378":0,"379":0,"380":0,"381":0,"382":0,"386":0,"388":0,"397":0,"398":0,"399":0,"401":0,"405":0,"406":0,"407":0,"413":0,"416":1,"417":0,"418":0,"419":0,"420":0,"421":0,"426":0,"427":0,"428":0,"429":0,"430":0,"431":0,"433":0,"434":0,"435":0,"438":0,"439":0,"440":0,"443":0,"444":0,"446":0,"447":0,"448":0,"451":0,"453":0,"454":0,"455":0,"456":0,"458":0,"459":0,"460":0,"463":0,"464":0,"465":0,"466":0,"467":0,"468":0,"469":0,"470":0,"471":0,"478":0,"479":0,"482":0,"483":0,"484":0,"485":0,"491":0,"494":1,"495":0,"496":0,"497":0,"500":1,"501":0,"502":0,"503":0,"506":1,"507":0,"514":1,"515":0,"516":0,"518":0,"519":0,"520":0,"521":0,"522":0,"524":0,"527":0,"534":1,"535":0,"536":0,"538":0,"539":0,"542":0,"544":0,"545":0,"547":0,"549":0,"550":0,"552":0,"554":0,"561":1,"562":0,"563":0,"564":0,"567":0,"568":0,"569":0,"570":0,"572":0,"576":0,"577":0,"578":0,"579":0,"580":0,"581":0,"582":0,"583":0,"584":0,"586":0,"587":0,"588":0,"589":0,"592":0,"595":1,"596":0,"597":0,"598":0,"600":0,"602":0,"603":0,"604":0,"607":0,"608":0,"609":0,"610":0,"611":0,"614":0,"615":0,"616":0,"617":0,"618":0,"621":0,"622":0,"623":0,"624":0,"625":0,"627":0,"632":0,"634":0,"635":0,"636":0,"638":0,"640":0,"647":0,"648":0,"649":0,"650":0,"651":0,"653":0,"655":0,"656":0,"657":0,"662":0,"663":0,"664":0,"665":0,"667":0,"668":0,"669":0,"670":0,"674":0,"675":0,"676":0,"677":0,"678":0,"681":0,"682":0,"690":0,"691":0,"692":0,"693":0,"695":0,"696":0,"697":0,"700":0,"702":0,"703":0,"715":0,"717":0,"718":0,"720":0,"721":0,"723":0,"724":0,"726":0,"728":0,"729":0,"730":0,"731":0,"732":0,"738":0,"742":0,"745":0,"749":0,"754":0,"758":0,"761":0,"765":0,"766":0,"768":0,"772":0,"773":0,"774":0,"775":0,"776":0,"779":0,"781":0,"785":0,"786":0,"787":0,"788":0,"789":0,"790":0,"791":0,"792":0,"794":0,"796":0,"798":0,"800":0,"801":0,"803":0,"804":0,"805":0,"807":0,"808":0,"809":0,"810":0,"812":0,"814":0,"815":0,"816":0,"818":0,"823":0,"824":0,"826":0,"827":0,"829":0,"830":0,"831":0,"832":0,"834":0,"836":0,"837":0,"839":0,"840":0,"847":0,"848":0,"852":0,"853":0,"855":0,"856":0,"858":0,"859":0,"861":0,"862":0,"864":0,"865":0,"872":0,"873":0,"876":0,"877":0,"879":0,"880":0,"882":0,"883":0,"885":0,"886":0,"887":0,"888":0,"889":0,"892":0,"893":0,"895":0,"896":0,"898":0,"903":0,"905":0,"908":0,"909":0,"910":0,"911":0,"912":0,"913":0,"914":0,"915":0,"917":0,"921":0,"922":0,"923":0,"925":0,"928":0,"929":0,"932":0,"934":0,"935":0,"936":0,"937":0,"939":0,"940":0,"941":0,"943":0,"944":0,"945":0,"946":0,"948":0,"949":0,"951":0,"960":0,"961":0,"963":0,"964":0,"968":0,"969":0,"971":0,"973":0,"974":0,"977":0,"978":0,"979":0,"980":0,"981":0,"982":0,"984":0,"986":0,"988":0,"989":0,"990":0,"991":0,"992":0,"993":0,"996":0,"997":0,"998":0,"999":0,"1001":0,"1004":0,"1006":0,"1009":0,"1010":0,"1011":0,"1013":0,"1015":0,"1018":0,"1019":0,"1020":0,"1021":0,"1022":0,"1023":0,"1024":0,"1025":0,"1027":0,"1029":0,"1030":0,"1031":0,"1032":0,"1033":0,"1034":0,"1035":0,"1037":0,"1040":0,"1043":0,"1044":0,"1045":0,"1046":0,"1050":0,"1051":0,"1053":0,"1056":0,"1057":0,"1059":0,"1060":0,"1061":0,"1071":0,"1072":0,"1073":0,"1074":0,"1076":0,"1077":0,"1079":0,"1080":0,"1081":0,"1082":0,"1084":0,"1085":0,"1093":0,"1095":0,"1096":0,"1097":0,"1104":0,"1105":0,"1107":0,"1108":0,"1109":0,"1110":0,"1114":0,"1115":0,"1116":0,"1117":0,"1118":0,"1119":0,"1120":0,"1121":0,"1123":0,"1124":0,"1125":0,"1126":0,"1127":0,"1128":0,"1129":0,"1130":0,"1131":0,"1133":0,"1136":0,"1137":0,"1140":0,"1141":0,"1143":0,"1146":0,"1148":0,"1150":0,"1151":0,"1153":0,"1156":0,"1157":0,"1158":0,"1159":0,"1161":0,"1163":0,"1164":0,"1165":0,"1167":0,"1170":0,"1171":0,"1173":0,"1174":0,"1176":0,"1177":0,"1181":0,"1182":0,"1183":0,"1184":0,"1188":0,"1189":0,"1190":0,"1191":0,"1192":0,"1193":0,"1195":0,"1200":0,"1201":0,"1205":0,"1206":0,"1209":0,"1210":0,"1213":0,"1215":0,"1216":0,"1217":0,"1218":0,"1219":0,"1221":0,"1224":0,"1226":0,"1227":0,"1228":0,"1229":0,"1230":0,"1232":0,"1235":0,"1236":0,"1238":0,"1239":0,"1240":0,"1243":0,"1244":0,"1247":0,"1250":0,"1251":0,"1252":0,"1253":0,"1254":0,"1255":0,"1258":0,"1259":0,"1260":0,"1261":0,"1262":0,"1263":0,"1265":0,"1267":0,"1270":0,"1271":0,"1272":0,"1273":0,"1274":0,"1275":0,"1277":0,"1280":0,"1284":0,"1285":0,"1289":0,"1290":0,"1293":0,"1296":0,"1297":0,"1302":0,"1303":0,"1307":0,"1308":0,"1312":0,"1314":0,"1315":0,"1316":0,"1318":0,"1320":0,"1322":0,"1326":0,"1327":0,"1330":0,"1331":0,"1334":0,"1335":0,"1336":0,"1337":0,"1340":0,"1341":0,"1342":0,"1343":0,"1345":0,"1348":0,"1353":0,"1354":0,"1355":0,"1366":0,"1367":0,"1369":0,"1370":0,"1371":0,"1372":0,"1374":0,"1375":0,"1377":0,"1379":0,"1380":0,"1381":0,"1382":0,"1383":0,"1384":0,"1385":0,"1388":0,"1390":0,"1391":0,"1395":0,"1396":0,"1397":0,"1401":0,"1402":0,"1404":0,"1405":0,"1408":0,"1409":0,"1415":0,"1416":0,"1417":0,"1418":0,"1419":0,"1421":0,"1422":0,"1423":0,"1429":0,"1430":0,"1431":0,"1432":0,"1433":0,"1434":0,"1436":0,"1439":0,"1503":0,"1505":0,"1507":0,"1508":0,"1510":0,"1513":0,"1514":0,"1515":0,"1516":0,"1517":0,"1518":0,"1519":0,"1521":0,"1524":0,"1525":0,"1526":0,"1528":0,"1529":0,"1530":0,"1531":0,"1533":0,"1534":0,"1537":0,"1538":0,"1539":0,"1540":0,"1541":0,"1543":0,"1545":0,"1546":0,"1548":0,"1549":0,"1550":0,"1552":0,"1553":0,"1555":0,"1556":0,"1558":0,"1559":0,"1561":0,"1562":0,"1564":0,"1565":0,"1566":0,"1567":0,"1569":0,"1572":0,"1573":0,"1574":0,"1575":0,"1577":0,"1580":0,"1581":0,"1582":0,"1583":0,"1585":0,"1630":0,"1631":0,"1632":0,"1646":0,"1647":0,"1649":0,"1650":0,"1651":0,"1654":0,"1656":0,"1657":0,"1659":0,"1660":0,"1661":0,"1663":0,"1664":0,"1665":0,"1666":0,"1668":0,"1669":0,"1670":0,"1671":0,"1672":0,"1673":0,"1674":0,"1675":0,"1676":0,"1678":0,"1679":0,"1683":0,"1684":0,"1685":0,"1686":0,"1687":0,"1688":0,"1689":0,"1691":0,"1693":0,"1694":0,"1695":0,"1696":0,"1697":0,"1699":0,"1700":0,"1701":0,"1704":0,"1708":0,"1743":0,"1744":0,"1745":0,"1746":0,"1747":0,"1753":0,"1754":0,"1755":0,"1757":0,"1758":0,"1789":0,"1790":0,"1791":0,"1792":0,"1793":0,"1798":0,"1799":0,"1800":0,"1812":0,"1813":0,"1814":0,"1815":0,"1816":0,"1818":0,"1828":0,"1829":0,"1839":0,"1840":0,"1849":0,"1850":0,"1859":0,"1860":0,"1864":0,"1865":0,"1866":0,"1868":0,"1869":0,"1871":0,"1872":0,"1874":0,"1875":0,"1877":0,"1878":0,"1880":0,"1881":0,"1883":0,"1884":0,"1921":0,"1922":0,"1923":0,"1934":0,"1936":0,"1939":0,"1940":0,"1941":0,"1943":0,"1946":0,"1947":0,"1948":0,"1949":0,"1950":0,"1952":0,"1954":0,"1958":0,"1959":0,"1960":0,"1961":0,"1962":0,"1964":0,"1967":0,"1968":0,"1969":0,"1970":0,"1971":0,"1973":0,"1976":0,"1977":0,"1978":0,"1979":0,"1980":0,"1982":0,"1985":0,"1986":0,"1987":0,"1990":0,"1991":0,"1992":0,"1994":0,"1995":0,"1997":0,"1998":0,"2000":0,"2001":0,"2003":0,"2004":0,"2008":0}}}